{"C:\\Users\\10996\\Desktop\\AI_solo_coder_task_A\\AI_solo_coder_task_A_058\\api\\modules\\alarm-predictor.ts": {"path":"C:\\Users\\10996\\Desktop\\AI_solo_coder_task_A\\AI_solo_coder_task_A_058\\api\\modules\\alarm-predictor.ts","statementMap":{"0":{"start":{"line":38,"column":49},"end":{"line":38,"column":null}},"1":{"start":{"line":40,"column":55},"end":{"line":40,"column":null}},"2":{"start":{"line":43,"column":4},"end":{"line":48,"column":null}},"3":{"start":{"line":52,"column":16},"end":{"line":52,"column":null}},"4":{"start":{"line":53,"column":21},"end":{"line":53,"column":null}},"5":{"start":{"line":55,"column":4},"end":{"line":57,"column":null}},"6":{"start":{"line":56,"column":6},"end":{"line":56,"column":null}},"7":{"start":{"line":59,"column":26},"end":{"line":59,"column":null}},"8":{"start":{"line":60,"column":4},"end":{"line":60,"column":null}},"9":{"start":{"line":62,"column":23},"end":{"line":62,"column":null}},"10":{"start":{"line":63,"column":28},"end":{"line":63,"column":null}},"11":{"start":{"line":63,"column":54},"end":{"line":63,"column":79}},"12":{"start":{"line":64,"column":4},"end":{"line":64,"column":null}},"13":{"start":{"line":68,"column":4},"end":{"line":136,"column":null}},"14":{"start":{"line":69,"column":12},"end":{"line":69,"column":null}},"15":{"start":{"line":70,"column":6},"end":{"line":70,"column":null}},"16":{"start":{"line":70,"column":19},"end":{"line":70,"column":null}},"17":{"start":{"line":72,"column":6},"end":{"line":74,"column":null}},"18":{"start":{"line":73,"column":8},"end":{"line":73,"column":null}},"19":{"start":{"line":76,"column":18},"end":{"line":76,"column":null}},"20":{"start":{"line":77,"column":23},"end":{"line":77,"column":null}},"21":{"start":{"line":78,"column":25},"end":{"line":78,"column":null}},"22":{"start":{"line":79,"column":25},"end":{"line":79,"column":null}},"23":{"start":{"line":80,"column":22},"end":{"line":80,"column":null}},"24":{"start":{"line":80,"column":45},"end":{"line":80,"column":70}},"25":{"start":{"line":82,"column":6},"end":{"line":84,"column":null}},"26":{"start":{"line":83,"column":8},"end":{"line":83,"column":null}},"27":{"start":{"line":86,"column":25},"end":{"line":86,"column":null}},"28":{"start":{"line":87,"column":6},"end":{"line":89,"column":null}},"29":{"start":{"line":88,"column":8},"end":{"line":88,"column":null}},"30":{"start":{"line":91,"column":45},"end":{"line":91,"column":null}},"31":{"start":{"line":93,"column":6},"end":{"line":95,"column":null}},"32":{"start":{"line":94,"column":8},"end":{"line":94,"column":null}},"33":{"start":{"line":97,"column":34},"end":{"line":97,"column":null}},"34":{"start":{"line":98,"column":28},"end":{"line":98,"column":null}},"35":{"start":{"line":99,"column":34},"end":{"line":99,"column":null}},"36":{"start":{"line":101,"column":12},"end":{"line":101,"column":null}},"37":{"start":{"line":102,"column":29},"end":{"line":102,"column":null}},"38":{"start":{"line":104,"column":6},"end":{"line":106,"column":null}},"39":{"start":{"line":105,"column":8},"end":{"line":105,"column":null}},"40":{"start":{"line":108,"column":27},"end":{"line":108,"column":null}},"41":{"start":{"line":109,"column":24},"end":{"line":111,"column":null}},"42":{"start":{"line":113,"column":20},"end":{"line":113,"column":null}},"43":{"start":{"line":114,"column":31},"end":{"line":114,"column":null}},"44":{"start":{"line":115,"column":31},"end":{"line":115,"column":null}},"45":{"start":{"line":116,"column":24},"end":{"line":116,"column":null}},"46":{"start":{"line":118,"column":43},"end":{"line":130,"column":null}},"47":{"start":{"line":132,"column":6},"end":{"line":132,"column":null}},"48":{"start":{"line":133,"column":6},"end":{"line":133,"column":null}},"49":{"start":{"line":135,"column":6},"end":{"line":135,"column":null}},"50":{"start":{"line":140,"column":44},"end":{"line":140,"column":null}},"51":{"start":{"line":141,"column":4},"end":{"line":146,"column":null}},"52":{"start":{"line":142,"column":25},"end":{"line":142,"column":null}},"53":{"start":{"line":143,"column":6},"end":{"line":145,"column":null}},"54":{"start":{"line":144,"column":8},"end":{"line":144,"column":null}},"55":{"start":{"line":147,"column":4},"end":{"line":147,"column":null}},"56":{"start":{"line":151,"column":28},"end":{"line":151,"column":null}},"57":{"start":{"line":152,"column":44},"end":{"line":152,"column":null}},"58":{"start":{"line":154,"column":4},"end":{"line":159,"column":null}},"59":{"start":{"line":155,"column":25},"end":{"line":155,"column":null}},"60":{"start":{"line":156,"column":6},"end":{"line":158,"column":null}},"61":{"start":{"line":157,"column":8},"end":{"line":157,"column":null}},"62":{"start":{"line":161,"column":24},"end":{"line":161,"column":null}},"63":{"start":{"line":161,"column":48},"end":{"line":161,"column":81}},"64":{"start":{"line":162,"column":25},"end":{"line":162,"column":null}},"65":{"start":{"line":164,"column":22},"end":{"line":164,"column":null}},"66":{"start":{"line":165,"column":47},"end":{"line":165,"column":null}},"67":{"start":{"line":166,"column":4},"end":{"line":167,"column":null}},"68":{"start":{"line":166,"column":26},"end":{"line":166,"column":null}},"69":{"start":{"line":166,"column":38},"end":{"line":167,"column":null}},"70":{"start":{"line":167,"column":31},"end":{"line":167,"column":null}},"71":{"start":{"line":169,"column":4},"end":{"line":175,"column":null}},"72":{"start":{"line":179,"column":4},"end":{"line":181,"column":null}},"73":{"start":{"line":180,"column":19},"end":{"line":180,"column":53}},"74":{"start":{"line":181,"column":22},"end":{"line":181,"column":85}},"75":{"start":{"line":185,"column":4},"end":{"line":187,"column":null}},"76":{"start":{"line":186,"column":19},"end":{"line":186,"column":37}},"77":{"start":{"line":187,"column":22},"end":{"line":187,"column":57}},"78":{"start":{"line":195,"column":4},"end":{"line":197,"column":null}},"79":{"start":{"line":196,"column":6},"end":{"line":196,"column":null}},"80":{"start":{"line":199,"column":27},"end":{"line":199,"column":null}},"81":{"start":{"line":200,"column":15},"end":{"line":200,"column":null}},"82":{"start":{"line":200,"column":26},"end":{"line":200,"column":68}},"83":{"start":{"line":201,"column":15},"end":{"line":201,"column":null}},"84":{"start":{"line":201,"column":31},"end":{"line":201,"column":38}},"85":{"start":{"line":203,"column":14},"end":{"line":203,"column":null}},"86":{"start":{"line":204,"column":17},"end":{"line":204,"column":null}},"87":{"start":{"line":204,"column":37},"end":{"line":204,"column":44}},"88":{"start":{"line":205,"column":17},"end":{"line":205,"column":null}},"89":{"start":{"line":205,"column":37},"end":{"line":205,"column":44}},"90":{"start":{"line":206,"column":18},"end":{"line":206,"column":null}},"91":{"start":{"line":206,"column":43},"end":{"line":206,"column":60}},"92":{"start":{"line":207,"column":18},"end":{"line":207,"column":null}},"93":{"start":{"line":207,"column":40},"end":{"line":207,"column":53}},"94":{"start":{"line":209,"column":24},"end":{"line":209,"column":null}},"95":{"start":{"line":210,"column":4},"end":{"line":212,"column":null}},"96":{"start":{"line":211,"column":6},"end":{"line":211,"column":null}},"97":{"start":{"line":214,"column":10},"end":{"line":214,"column":null}},"98":{"start":{"line":215,"column":10},"end":{"line":215,"column":null}},"99":{"start":{"line":217,"column":4},"end":{"line":219,"column":null}},"100":{"start":{"line":218,"column":6},"end":{"line":218,"column":null}},"101":{"start":{"line":221,"column":18},"end":{"line":221,"column":null}},"102":{"start":{"line":222,"column":20},"end":{"line":222,"column":null}},"103":{"start":{"line":222,"column":42},"end":{"line":222,"column":66}},"104":{"start":{"line":223,"column":23},"end":{"line":226,"column":null}},"105":{"start":{"line":224,"column":24},"end":{"line":224,"column":null}},"106":{"start":{"line":225,"column":6},"end":{"line":225,"column":null}},"107":{"start":{"line":228,"column":21},"end":{"line":228,"column":null}},"108":{"start":{"line":230,"column":4},"end":{"line":230,"column":null}},"109":{"start":{"line":234,"column":35},"end":{"line":234,"column":null}},"110":{"start":{"line":235,"column":4},"end":{"line":240,"column":null}},"111":{"start":{"line":236,"column":12},"end":{"line":236,"column":null}},"112":{"start":{"line":237,"column":6},"end":{"line":239,"column":null}},"113":{"start":{"line":238,"column":8},"end":{"line":238,"column":null}},"114":{"start":{"line":241,"column":4},"end":{"line":241,"column":null}},"115":{"start":{"line":245,"column":4},"end":{"line":245,"column":null}},"116":{"start":{"line":249,"column":4},"end":{"line":249,"column":null}},"117":{"start":{"line":253,"column":4},"end":{"line":259,"column":null}},"118":{"start":{"line":254,"column":6},"end":{"line":254,"column":null}},"119":{"start":{"line":255,"column":6},"end":{"line":255,"column":null}},"120":{"start":{"line":257,"column":6},"end":{"line":257,"column":null}},"121":{"start":{"line":258,"column":6},"end":{"line":258,"column":null}},"122":{"start":{"line":263,"column":4},"end":{"line":265,"column":null}},"123":{"start":{"line":264,"column":6},"end":{"line":264,"column":null}},"124":{"start":{"line":266,"column":16},"end":{"line":266,"column":null}},"125":{"start":{"line":267,"column":4},"end":{"line":269,"column":null}},"126":{"start":{"line":268,"column":6},"end":{"line":268,"column":null}},"127":{"start":{"line":270,"column":4},"end":{"line":270,"column":null}},"128":{"start":{"line":275,"column":2},"end":{"line":275,"column":null}}},"fnMap":{"0":{"name":"constructor","decl":{"start":{"line":42,"column":2},"end":{"line":42,"column":14}},"loc":{"start":{"line":42,"column":54},"end":{"line":49,"column":null}},"line":42},"1":{"name":"addSensorData","decl":{"start":{"line":51,"column":9},"end":{"line":51,"column":23}},"loc":{"start":{"line":51,"column":79},"end":{"line":65,"column":null}},"line":51},"2":{"name":"(anonymous_2)","decl":{"start":{"line":63,"column":49},"end":{"line":63,"column":54}},"loc":{"start":{"line":63,"column":54},"end":{"line":63,"column":79}},"line":63},"3":{"name":"predictForSensor","decl":{"start":{"line":67,"column":9},"end":{"line":67,"column":26}},"loc":{"start":{"line":67,"column":69},"end":{"line":137,"column":null}},"line":67},"4":{"name":"(anonymous_4)","decl":{"start":{"line":80,"column":40},"end":{"line":80,"column":45}},"loc":{"start":{"line":80,"column":45},"end":{"line":80,"column":70}},"line":80},"5":{"name":"predictAll","decl":{"start":{"line":139,"column":9},"end":{"line":139,"column":42}},"loc":{"start":{"line":139,"column":42},"end":{"line":148,"column":null}},"line":139},"6":{"name":"predictForWorkshop","decl":{"start":{"line":150,"column":9},"end":{"line":150,"column":28}},"loc":{"start":{"line":150,"column":68},"end":{"line":176,"column":null}},"line":150},"7":{"name":"(anonymous_7)","decl":{"start":{"line":161,"column":43},"end":{"line":161,"column":48}},"loc":{"start":{"line":161,"column":48},"end":{"line":161,"column":81}},"line":161},"8":{"name":"getWarnings","decl":{"start":{"line":178,"column":9},"end":{"line":178,"column":43}},"loc":{"start":{"line":178,"column":43},"end":{"line":182,"column":null}},"line":178},"9":{"name":"(anonymous_9)","decl":{"start":{"line":180,"column":14},"end":{"line":180,"column":19}},"loc":{"start":{"line":180,"column":19},"end":{"line":180,"column":53}},"line":180},"10":{"name":"(anonymous_10)","decl":{"start":{"line":181,"column":12},"end":{"line":181,"column":13}},"loc":{"start":{"line":181,"column":22},"end":{"line":181,"column":85}},"line":181},"11":{"name":"getPredictedAlarms","decl":{"start":{"line":184,"column":9},"end":{"line":184,"column":50}},"loc":{"start":{"line":184,"column":50},"end":{"line":188,"column":null}},"line":184},"12":{"name":"(anonymous_12)","decl":{"start":{"line":186,"column":14},"end":{"line":186,"column":19}},"loc":{"start":{"line":186,"column":19},"end":{"line":186,"column":37}},"line":186},"13":{"name":"(anonymous_13)","decl":{"start":{"line":187,"column":12},"end":{"line":187,"column":13}},"loc":{"start":{"line":187,"column":22},"end":{"line":187,"column":57}},"line":187},"14":{"name":"linearRegression","decl":{"start":{"line":190,"column":10},"end":{"line":190,"column":27}},"loc":{"start":{"line":194,"column":11},"end":{"line":231,"column":null}},"line":194},"15":{"name":"(anonymous_15)","decl":{"start":{"line":200,"column":26},"end":{"line":200,"column":32}},"loc":{"start":{"line":200,"column":26},"end":{"line":200,"column":68}},"line":200},"16":{"name":"(anonymous_16)","decl":{"start":{"line":201,"column":26},"end":{"line":201,"column":31}},"loc":{"start":{"line":201,"column":31},"end":{"line":201,"column":38}},"line":201},"17":{"name":"(anonymous_17)","decl":{"start":{"line":204,"column":27},"end":{"line":204,"column":28}},"loc":{"start":{"line":204,"column":37},"end":{"line":204,"column":44}},"line":204},"18":{"name":"(anonymous_18)","decl":{"start":{"line":205,"column":27},"end":{"line":205,"column":28}},"loc":{"start":{"line":205,"column":37},"end":{"line":205,"column":44}},"line":205},"19":{"name":"(anonymous_19)","decl":{"start":{"line":206,"column":28},"end":{"line":206,"column":29}},"loc":{"start":{"line":206,"column":43},"end":{"line":206,"column":60}},"line":206},"20":{"name":"(anonymous_20)","decl":{"start":{"line":207,"column":28},"end":{"line":207,"column":29}},"loc":{"start":{"line":207,"column":40},"end":{"line":207,"column":53}},"line":207},"21":{"name":"(anonymous_21)","decl":{"start":{"line":222,"column":30},"end":{"line":222,"column":31}},"loc":{"start":{"line":222,"column":42},"end":{"line":222,"column":66}},"line":222},"22":{"name":"(anonymous_22)","decl":{"start":{"line":223,"column":33},"end":{"line":223,"column":34}},"loc":{"start":{"line":223,"column":48},"end":{"line":226,"column":7}},"line":223},"23":{"name":"getSensorsByWorkshop","decl":{"start":{"line":233,"column":10},"end":{"line":233,"column":31}},"loc":{"start":{"line":233,"column":67},"end":{"line":242,"column":null}},"line":233},"24":{"name":"getConfig","decl":{"start":{"line":244,"column":9},"end":{"line":244,"column":39}},"loc":{"start":{"line":244,"column":39},"end":{"line":246,"column":null}},"line":244},"25":{"name":"updateConfig","decl":{"start":{"line":248,"column":9},"end":{"line":248,"column":22}},"loc":{"start":{"line":248,"column":63},"end":{"line":250,"column":null}},"line":248},"26":{"name":"clearHistory","decl":{"start":{"line":252,"column":9},"end":{"line":252,"column":22}},"loc":{"start":{"line":252,"column":47},"end":{"line":260,"column":null}},"line":252},"27":{"name":"getHistorySize","decl":{"start":{"line":262,"column":9},"end":{"line":262,"column":24}},"loc":{"start":{"line":262,"column":51},"end":{"line":271,"column":null}},"line":262},"28":{"name":"createAlarmPredictor","decl":{"start":{"line":274,"column":16},"end":{"line":274,"column":37}},"loc":{"start":{"line":274,"column":89},"end":{"line":276,"column":null}},"line":274}},"branchMap":{"0":{"loc":{"start":{"line":42,"column":14},"end":{"line":42,"column":54}},"type":"default-arg","locations":[{"start":{"line":42,"column":50},"end":{"line":42,"column":54}}],"line":42},"1":{"loc":{"start":{"line":44,"column":28},"end":{"line":44,"column":null}},"type":"binary-expr","locations":[{"start":{"line":44,"column":28},"end":{"line":44,"column":59}},{"start":{"line":44,"column":59},"end":{"line":44,"column":null}}],"line":44},"2":{"loc":{"start":{"line":45,"column":32},"end":{"line":45,"column":null}},"type":"binary-expr","locations":[{"start":{"line":45,"column":32},"end":{"line":45,"column":67}},{"start":{"line":45,"column":67},"end":{"line":45,"column":null}}],"line":45},"3":{"loc":{"start":{"line":46,"column":31},"end":{"line":46,"column":null}},"type":"binary-expr","locations":[{"start":{"line":46,"column":31},"end":{"line":46,"column":65}},{"start":{"line":46,"column":65},"end":{"line":46,"column":null}}],"line":46},"4":{"loc":{"start":{"line":47,"column":21},"end":{"line":47,"column":null}},"type":"binary-expr","locations":[{"start":{"line":47,"column":21},"end":{"line":47,"column":45}},{"start":{"line":47,"column":45},"end":{"line":47,"column":null}}],"line":47},"5":{"loc":{"start":{"line":55,"column":4},"end":{"line":57,"column":null}},"type":"if","locations":[{"start":{"line":55,"column":4},"end":{"line":57,"column":null}},{"start":{},"end":{}}],"line":55},"6":{"loc":{"start":{"line":70,"column":6},"end":{"line":70,"column":null}},"type":"if","locations":[{"start":{"line":70,"column":6},"end":{"line":70,"column":null}},{"start":{},"end":{}}],"line":70},"7":{"loc":{"start":{"line":72,"column":6},"end":{"line":74,"column":null}},"type":"if","locations":[{"start":{"line":72,"column":6},"end":{"line":74,"column":null}},{"start":{},"end":{}}],"line":72},"8":{"loc":{"start":{"line":72,"column":10},"end":{"line":72,"column":72}},"type":"binary-expr","locations":[{"start":{"line":72,"column":10},"end":{"line":72,"column":43}},{"start":{"line":72,"column":43},"end":{"line":72,"column":72}}],"line":72},"9":{"loc":{"start":{"line":79,"column":25},"end":{"line":79,"column":null}},"type":"binary-expr","locations":[{"start":{"line":79,"column":25},"end":{"line":79,"column":55}},{"start":{"line":79,"column":55},"end":{"line":79,"column":null}}],"line":79},"10":{"loc":{"start":{"line":82,"column":6},"end":{"line":84,"column":null}},"type":"if","locations":[{"start":{"line":82,"column":6},"end":{"line":84,"column":null}},{"start":{},"end":{}}],"line":82},"11":{"loc":{"start":{"line":87,"column":6},"end":{"line":89,"column":null}},"type":"if","locations":[{"start":{"line":87,"column":6},"end":{"line":89,"column":null}},{"start":{},"end":{}}],"line":87},"12":{"loc":{"start":{"line":93,"column":6},"end":{"line":95,"column":null}},"type":"if","locations":[{"start":{"line":93,"column":6},"end":{"line":95,"column":null}},{"start":{},"end":{}}],"line":93},"13":{"loc":{"start":{"line":93,"column":10},"end":{"line":93,"column":96}},"type":"binary-expr","locations":[{"start":{"line":93,"column":10},"end":{"line":93,"column":37}},{"start":{"line":93,"column":37},"end":{"line":93,"column":68}},{"start":{"line":93,"column":68},"end":{"line":93,"column":96}}],"line":93},"14":{"loc":{"start":{"line":104,"column":6},"end":{"line":106,"column":null}},"type":"if","locations":[{"start":{"line":104,"column":6},"end":{"line":106,"column":null}},{"start":{},"end":{}}],"line":104},"15":{"loc":{"start":{"line":109,"column":24},"end":{"line":111,"column":null}},"type":"cond-expr","locations":[{"start":{"line":110,"column":11},"end":{"line":110,"column":null}},{"start":{"line":111,"column":11},"end":{"line":111,"column":null}}],"line":109},"16":{"loc":{"start":{"line":110,"column":11},"end":{"line":110,"column":null}},"type":"binary-expr","locations":[{"start":{"line":110,"column":11},"end":{"line":110,"column":36}},{"start":{"line":110,"column":36},"end":{"line":110,"column":null}}],"line":110},"17":{"loc":{"start":{"line":111,"column":11},"end":{"line":111,"column":null}},"type":"binary-expr","locations":[{"start":{"line":111,"column":11},"end":{"line":111,"column":40}},{"start":{"line":111,"column":40},"end":{"line":111,"column":null}}],"line":111},"18":{"loc":{"start":{"line":113,"column":20},"end":{"line":113,"column":null}},"type":"cond-expr","locations":[{"start":{"line":113,"column":46},"end":{"line":113,"column":58}},{"start":{"line":113,"column":58},"end":{"line":113,"column":null}}],"line":113},"19":{"loc":{"start":{"line":113,"column":58},"end":{"line":113,"column":null}},"type":"cond-expr","locations":[{"start":{"line":113,"column":70},"end":{"line":113,"column":81}},{"start":{"line":113,"column":81},"end":{"line":113,"column":null}}],"line":113},"20":{"loc":{"start":{"line":116,"column":24},"end":{"line":116,"column":null}},"type":"binary-expr","locations":[{"start":{"line":116,"column":24},"end":{"line":116,"column":62}},{"start":{"line":116,"column":62},"end":{"line":116,"column":null}}],"line":116},"21":{"loc":{"start":{"line":143,"column":6},"end":{"line":145,"column":null}},"type":"if","locations":[{"start":{"line":143,"column":6},"end":{"line":145,"column":null}},{"start":{},"end":{}}],"line":143},"22":{"loc":{"start":{"line":156,"column":6},"end":{"line":158,"column":null}},"type":"if","locations":[{"start":{"line":156,"column":6},"end":{"line":158,"column":null}},{"start":{},"end":{}}],"line":156},"23":{"loc":{"start":{"line":161,"column":48},"end":{"line":161,"column":81}},"type":"binary-expr","locations":[{"start":{"line":161,"column":48},"end":{"line":161,"column":63}},{"start":{"line":161,"column":63},"end":{"line":161,"column":81}}],"line":161},"24":{"loc":{"start":{"line":164,"column":22},"end":{"line":164,"column":null}},"type":"cond-expr","locations":[{"start":{"line":164,"column":41},"end":{"line":164,"column":70}},{"start":{"line":164,"column":70},"end":{"line":164,"column":null}}],"line":164},"25":{"loc":{"start":{"line":166,"column":4},"end":{"line":167,"column":null}},"type":"if","locations":[{"start":{"line":166,"column":4},"end":{"line":167,"column":null}},{"start":{"line":166,"column":38},"end":{"line":167,"column":null}}],"line":166},"26":{"loc":{"start":{"line":166,"column":38},"end":{"line":167,"column":null}},"type":"if","locations":[{"start":{"line":166,"column":38},"end":{"line":167,"column":null}},{"start":{},"end":{}}],"line":166},"27":{"loc":{"start":{"line":180,"column":19},"end":{"line":180,"column":53}},"type":"binary-expr","locations":[{"start":{"line":180,"column":19},"end":{"line":180,"column":34}},{"start":{"line":180,"column":34},"end":{"line":180,"column":53}}],"line":180},"28":{"loc":{"start":{"line":195,"column":4},"end":{"line":197,"column":null}},"type":"if","locations":[{"start":{"line":195,"column":4},"end":{"line":197,"column":null}},{"start":{},"end":{}}],"line":195},"29":{"loc":{"start":{"line":210,"column":4},"end":{"line":212,"column":null}},"type":"if","locations":[{"start":{"line":210,"column":4},"end":{"line":212,"column":null}},{"start":{},"end":{}}],"line":210},"30":{"loc":{"start":{"line":217,"column":4},"end":{"line":219,"column":null}},"type":"if","locations":[{"start":{"line":217,"column":4},"end":{"line":219,"column":null}},{"start":{},"end":{}}],"line":217},"31":{"loc":{"start":{"line":217,"column":8},"end":{"line":217,"column":64}},"type":"binary-expr","locations":[{"start":{"line":217,"column":8},"end":{"line":217,"column":35}},{"start":{"line":217,"column":35},"end":{"line":217,"column":64}}],"line":217},"32":{"loc":{"start":{"line":228,"column":21},"end":{"line":228,"column":null}},"type":"cond-expr","locations":[{"start":{"line":228,"column":35},"end":{"line":228,"column":62}},{"start":{"line":228,"column":62},"end":{"line":228,"column":null}}],"line":228},"33":{"loc":{"start":{"line":237,"column":6},"end":{"line":239,"column":null}},"type":"if","locations":[{"start":{"line":237,"column":6},"end":{"line":239,"column":null}},{"start":{},"end":{}}],"line":237},"34":{"loc":{"start":{"line":237,"column":10},"end":{"line":237,"column":54}},"type":"binary-expr","locations":[{"start":{"line":237,"column":10},"end":{"line":237,"column":20}},{"start":{"line":237,"column":20},"end":{"line":237,"column":54}}],"line":237},"35":{"loc":{"start":{"line":253,"column":4},"end":{"line":259,"column":null}},"type":"if","locations":[{"start":{"line":253,"column":4},"end":{"line":259,"column":null}},{"start":{"line":256,"column":11},"end":{"line":259,"column":null}}],"line":253},"36":{"loc":{"start":{"line":263,"column":4},"end":{"line":265,"column":null}},"type":"if","locations":[{"start":{"line":263,"column":4},"end":{"line":265,"column":null}},{"start":{},"end":{}}],"line":263},"37":{"loc":{"start":{"line":264,"column":13},"end":{"line":264,"column":null}},"type":"binary-expr","locations":[{"start":{"line":264,"column":13},"end":{"line":264,"column":51}},{"start":{"line":264,"column":51},"end":{"line":264,"column":null}}],"line":264}},"s":{"0":22,"1":22,"2":22,"3":162,"4":162,"5":162,"6":19,"7":162,"8":162,"9":162,"10":162,"11":840,"12":162,"13":22,"14":22,"15":22,"16":1,"17":21,"18":1,"19":20,"20":20,"21":20,"22":20,"23":22,"24":162,"25":22,"26":5,"27":15,"28":15,"29":3,"30":12,"31":12,"32":0,"33":12,"34":12,"35":12,"36":12,"37":12,"38":12,"39":0,"40":12,"41":12,"42":22,"43":22,"44":22,"45":22,"46":22,"47":22,"48":22,"49":0,"50":4,"51":4,"52":5,"53":5,"54":4,"55":4,"56":0,"57":0,"58":0,"59":0,"60":0,"61":0,"62":0,"63":0,"64":0,"65":0,"66":0,"67":0,"68":0,"69":0,"70":0,"71":0,"72":1,"73":1,"74":0,"75":0,"76":0,"77":0,"78":15,"79":0,"80":15,"81":15,"82":138,"83":15,"84":138,"85":15,"86":15,"87":138,"88":15,"89":138,"90":15,"91":138,"92":15,"93":138,"94":15,"95":15,"96":2,"97":13,"98":13,"99":13,"100":1,"101":12,"102":12,"103":116,"104":12,"105":116,"106":116,"107":12,"108":15,"109":0,"110":0,"111":0,"112":0,"113":0,"114":0,"115":2,"116":2,"117":2,"118":1,"119":1,"120":1,"121":1,"122":1,"123":1,"124":0,"125":0,"126":0,"127":0,"128":22},"f":{"0":22,"1":162,"2":840,"3":22,"4":162,"5":4,"6":0,"7":0,"8":1,"9":1,"10":0,"11":0,"12":0,"13":0,"14":15,"15":138,"16":138,"17":138,"18":138,"19":138,"20":138,"21":116,"22":116,"23":0,"24":2,"25":2,"26":2,"27":1,"28":22},"b":{"0":[22],"1":[22,0],"2":[22,0],"3":[22,0],"4":[22,0],"5":[19,143],"6":[1,21],"7":[1,20],"8":[21,1],"9":[20,1],"10":[5,17],"11":[3,12],"12":[0,12],"13":[12,12,12],"14":[0,12],"15":[12,0],"16":[12,0],"17":[0,0],"18":[2,10],"19":[9,1],"20":[22,9],"21":[4,1],"22":[0,0],"23":[0,0],"24":[0,0],"25":[0,0],"26":[0,0],"27":[1,1],"28":[0,15],"29":[2,13],"30":[1,12],"31":[13,12],"32":[11,1],"33":[0,0],"34":[0,0],"35":[1,1],"36":[1,0],"37":[1,0]},"meta":{"lastBranch":38,"lastFunction":29,"lastStatement":129,"seen":{"s:38:49:38:Infinity":0,"s:40:55:40:Infinity":1,"f:42:2:42:14":0,"b:42:50:42:54":0,"s:43:4:48:Infinity":2,"b:44:28:44:59:44:59:44:Infinity":1,"b:45:32:45:67:45:67:45:Infinity":2,"b:46:31:46:65:46:65:46:Infinity":3,"b:47:21:47:45:47:45:47:Infinity":4,"f:51:9:51:23":1,"s:52:16:52:Infinity":3,"s:53:21:53:Infinity":4,"b:55:4:57:Infinity:undefined:undefined:undefined:undefined":5,"s:55:4:57:Infinity":5,"s:56:6:56:Infinity":6,"s:59:26:59:Infinity":7,"s:60:4:60:Infinity":8,"s:62:23:62:Infinity":9,"s:63:28:63:Infinity":10,"f:63:49:63:54":2,"s:63:54:63:79":11,"s:64:4:64:Infinity":12,"f:67:9:67:26":3,"s:68:4:136:Infinity":13,"s:69:12:69:Infinity":14,"b:70:6:70:Infinity:undefined:undefined:undefined:undefined":6,"s:70:6:70:Infinity":15,"s:70:19:70:Infinity":16,"b:72:6:74:Infinity:undefined:undefined:undefined:undefined":7,"s:72:6:74:Infinity":17,"b:72:10:72:43:72:43:72:72":8,"s:73:8:73:Infinity":18,"s:76:18:76:Infinity":19,"s:77:23:77:Infinity":20,"s:78:25:78:Infinity":21,"s:79:25:79:Infinity":22,"b:79:25:79:55:79:55:79:Infinity":9,"s:80:22:80:Infinity":23,"f:80:40:80:45":4,"s:80:45:80:70":24,"b:82:6:84:Infinity:undefined:undefined:undefined:undefined":10,"s:82:6:84:Infinity":25,"s:83:8:83:Infinity":26,"s:86:25:86:Infinity":27,"b:87:6:89:Infinity:undefined:undefined:undefined:undefined":11,"s:87:6:89:Infinity":28,"s:88:8:88:Infinity":29,"s:91:45:91:Infinity":30,"b:93:6:95:Infinity:undefined:undefined:undefined:undefined":12,"s:93:6:95:Infinity":31,"b:93:10:93:37:93:37:93:68:93:68:93:96":13,"s:94:8:94:Infinity":32,"s:97:34:97:Infinity":33,"s:98:28:98:Infinity":34,"s:99:34:99:Infinity":35,"s:101:12:101:Infinity":36,"s:102:29:102:Infinity":37,"b:104:6:106:Infinity:undefined:undefined:undefined:undefined":14,"s:104:6:106:Infinity":38,"s:105:8:105:Infinity":39,"s:108:27:108:Infinity":40,"s:109:24:111:Infinity":41,"b:110:11:110:Infinity:111:11:111:Infinity":15,"b:110:11:110:36:110:36:110:Infinity":16,"b:111:11:111:40:111:40:111:Infinity":17,"s:113:20:113:Infinity":42,"b:113:46:113:58:113:58:113:Infinity":18,"b:113:70:113:81:113:81:113:Infinity":19,"s:114:31:114:Infinity":43,"s:115:31:115:Infinity":44,"s:116:24:116:Infinity":45,"b:116:24:116:62:116:62:116:Infinity":20,"s:118:43:130:Infinity":46,"s:132:6:132:Infinity":47,"s:133:6:133:Infinity":48,"s:135:6:135:Infinity":49,"f:139:9:139:42":5,"s:140:44:140:Infinity":50,"s:141:4:146:Infinity":51,"s:142:25:142:Infinity":52,"b:143:6:145:Infinity:undefined:undefined:undefined:undefined":21,"s:143:6:145:Infinity":53,"s:144:8:144:Infinity":54,"s:147:4:147:Infinity":55,"f:150:9:150:28":6,"s:151:28:151:Infinity":56,"s:152:44:152:Infinity":57,"s:154:4:159:Infinity":58,"s:155:25:155:Infinity":59,"b:156:6:158:Infinity:undefined:undefined:undefined:undefined":22,"s:156:6:158:Infinity":60,"s:157:8:157:Infinity":61,"s:161:24:161:Infinity":62,"f:161:43:161:48":7,"s:161:48:161:81":63,"b:161:48:161:63:161:63:161:81":23,"s:162:25:162:Infinity":64,"s:164:22:164:Infinity":65,"b:164:41:164:70:164:70:164:Infinity":24,"s:165:47:165:Infinity":66,"b:166:4:167:Infinity:166:38:167:Infinity":25,"s:166:4:167:Infinity":67,"s:166:26:166:Infinity":68,"b:166:38:167:Infinity:undefined:undefined:undefined:undefined":26,"s:166:38:167:Infinity":69,"s:167:31:167:Infinity":70,"s:169:4:175:Infinity":71,"f:178:9:178:43":8,"s:179:4:181:Infinity":72,"f:180:14:180:19":9,"s:180:19:180:53":73,"b:180:19:180:34:180:34:180:53":27,"f:181:12:181:13":10,"s:181:22:181:85":74,"f:184:9:184:50":11,"s:185:4:187:Infinity":75,"f:186:14:186:19":12,"s:186:19:186:37":76,"f:187:12:187:13":13,"s:187:22:187:57":77,"f:190:10:190:27":14,"b:195:4:197:Infinity:undefined:undefined:undefined:undefined":28,"s:195:4:197:Infinity":78,"s:196:6:196:Infinity":79,"s:199:27:199:Infinity":80,"s:200:15:200:Infinity":81,"f:200:26:200:32":15,"s:200:26:200:68":82,"s:201:15:201:Infinity":83,"f:201:26:201:31":16,"s:201:31:201:38":84,"s:203:14:203:Infinity":85,"s:204:17:204:Infinity":86,"f:204:27:204:28":17,"s:204:37:204:44":87,"s:205:17:205:Infinity":88,"f:205:27:205:28":18,"s:205:37:205:44":89,"s:206:18:206:Infinity":90,"f:206:28:206:29":19,"s:206:43:206:60":91,"s:207:18:207:Infinity":92,"f:207:28:207:29":20,"s:207:40:207:53":93,"s:209:24:209:Infinity":94,"b:210:4:212:Infinity:undefined:undefined:undefined:undefined":29,"s:210:4:212:Infinity":95,"s:211:6:211:Infinity":96,"s:214:10:214:Infinity":97,"s:215:10:215:Infinity":98,"b:217:4:219:Infinity:undefined:undefined:undefined:undefined":30,"s:217:4:219:Infinity":99,"b:217:8:217:35:217:35:217:64":31,"s:218:6:218:Infinity":100,"s:221:18:221:Infinity":101,"s:222:20:222:Infinity":102,"f:222:30:222:31":21,"s:222:42:222:66":103,"s:223:23:226:Infinity":104,"f:223:33:223:34":22,"s:224:24:224:Infinity":105,"s:225:6:225:Infinity":106,"s:228:21:228:Infinity":107,"b:228:35:228:62:228:62:228:Infinity":32,"s:230:4:230:Infinity":108,"f:233:10:233:31":23,"s:234:35:234:Infinity":109,"s:235:4:240:Infinity":110,"s:236:12:236:Infinity":111,"b:237:6:239:Infinity:undefined:undefined:undefined:undefined":33,"s:237:6:239:Infinity":112,"b:237:10:237:20:237:20:237:54":34,"s:238:8:238:Infinity":113,"s:241:4:241:Infinity":114,"f:244:9:244:39":24,"s:245:4:245:Infinity":115,"f:248:9:248:22":25,"s:249:4:249:Infinity":116,"f:252:9:252:22":26,"b:253:4:259:Infinity:256:11:259:Infinity":35,"s:253:4:259:Infinity":117,"s:254:6:254:Infinity":118,"s:255:6:255:Infinity":119,"s:257:6:257:Infinity":120,"s:258:6:258:Infinity":121,"f:262:9:262:24":27,"b:263:4:265:Infinity:undefined:undefined:undefined:undefined":36,"s:263:4:265:Infinity":122,"s:264:6:264:Infinity":123,"b:264:13:264:51:264:51:264:Infinity":37,"s:266:16:266:Infinity":124,"s:267:4:269:Infinity":125,"s:268:6:268:Infinity":126,"s:270:4:270:Infinity":127,"f:274:16:274:37":28,"s:275:2:275:Infinity":128}}}
,"C:\\Users\\10996\\Desktop\\AI_solo_coder_task_A\\AI_solo_coder_task_A_058\\api\\modules\\data-exporter.ts": {"path":"C:\\Users\\10996\\Desktop\\AI_solo_coder_task_A\\AI_solo_coder_task_A_058\\api\\modules\\data-exporter.ts","statementMap":{"0":{"start":{"line":55,"column":57},"end":{"line":60,"column":null}},"1":{"start":{"line":62,"column":32},"end":{"line":62,"column":null}},"2":{"start":{"line":65,"column":4},"end":{"line":99,"column":null}},"3":{"start":{"line":66,"column":24},"end":{"line":66,"column":null}},"4":{"start":{"line":67,"column":6},"end":{"line":76,"column":null}},"5":{"start":{"line":68,"column":8},"end":{"line":75,"column":null}},"6":{"start":{"line":78,"column":19},"end":{"line":78,"column":null}},"7":{"start":{"line":79,"column":25},"end":{"line":79,"column":null}},"8":{"start":{"line":81,"column":23},"end":{"line":81,"column":null}},"9":{"start":{"line":83,"column":6},"end":{"line":89,"column":null}},"10":{"start":{"line":91,"column":6},"end":{"line":98,"column":null}},"11":{"start":{"line":103,"column":4},"end":{"line":126,"column":null}},"12":{"start":{"line":104,"column":26},"end":{"line":104,"column":null}},"13":{"start":{"line":105,"column":19},"end":{"line":105,"column":null}},"14":{"start":{"line":106,"column":25},"end":{"line":106,"column":null}},"15":{"start":{"line":108,"column":23},"end":{"line":108,"column":null}},"16":{"start":{"line":110,"column":6},"end":{"line":116,"column":null}},"17":{"start":{"line":118,"column":6},"end":{"line":125,"column":null}},"18":{"start":{"line":130,"column":4},"end":{"line":168,"column":null}},"19":{"start":{"line":131,"column":27},"end":{"line":131,"column":null}},"20":{"start":{"line":132,"column":26},"end":{"line":132,"column":null}},"21":{"start":{"line":134,"column":25},"end":{"line":134,"column":null}},"22":{"start":{"line":135,"column":25},"end":{"line":135,"column":null}},"23":{"start":{"line":137,"column":6},"end":{"line":142,"column":null}},"24":{"start":{"line":138,"column":8},"end":{"line":138,"column":null}},"25":{"start":{"line":139,"column":8},"end":{"line":139,"column":null}},"26":{"start":{"line":140,"column":8},"end":{"line":140,"column":null}},"27":{"start":{"line":141,"column":8},"end":{"line":141,"column":null}},"28":{"start":{"line":144,"column":6},"end":{"line":148,"column":null}},"29":{"start":{"line":145,"column":8},"end":{"line":145,"column":null}},"30":{"start":{"line":146,"column":8},"end":{"line":146,"column":null}},"31":{"start":{"line":147,"column":8},"end":{"line":147,"column":null}},"32":{"start":{"line":150,"column":23},"end":{"line":150,"column":null}},"33":{"start":{"line":152,"column":6},"end":{"line":158,"column":null}},"34":{"start":{"line":160,"column":6},"end":{"line":167,"column":null}},"35":{"start":{"line":172,"column":34},"end":{"line":172,"column":null}},"36":{"start":{"line":174,"column":4},"end":{"line":180,"column":null}},"37":{"start":{"line":175,"column":6},"end":{"line":177,"column":null}},"38":{"start":{"line":176,"column":8},"end":{"line":176,"column":null}},"39":{"start":{"line":179,"column":6},"end":{"line":179,"column":null}},"40":{"start":{"line":182,"column":4},"end":{"line":184,"column":null}},"41":{"start":{"line":183,"column":6},"end":{"line":183,"column":null}},"42":{"start":{"line":183,"column":36},"end":{"line":183,"column":80}},"43":{"start":{"line":186,"column":4},"end":{"line":188,"column":null}},"44":{"start":{"line":187,"column":6},"end":{"line":187,"column":null}},"45":{"start":{"line":187,"column":36},"end":{"line":187,"column":69}},"46":{"start":{"line":190,"column":4},"end":{"line":190,"column":null}},"47":{"start":{"line":190,"column":28},"end":{"line":190,"column":32}},"48":{"start":{"line":194,"column":37},"end":{"line":194,"column":null}},"49":{"start":{"line":195,"column":34},"end":{"line":195,"column":null}},"50":{"start":{"line":196,"column":40},"end":{"line":196,"column":null}},"51":{"start":{"line":198,"column":4},"end":{"line":253,"column":null}},"52":{"start":{"line":199,"column":27},"end":{"line":199,"column":null}},"53":{"start":{"line":199,"column":51},"end":{"line":199,"column":62}},"54":{"start":{"line":200,"column":28},"end":{"line":200,"column":null}},"55":{"start":{"line":201,"column":28},"end":{"line":201,"column":null}},"56":{"start":{"line":203,"column":6},"end":{"line":206,"column":null}},"57":{"start":{"line":204,"column":8},"end":{"line":204,"column":null}},"58":{"start":{"line":205,"column":8},"end":{"line":205,"column":null}},"59":{"start":{"line":208,"column":18},"end":{"line":220,"column":null}},"60":{"start":{"line":223,"column":21},"end":{"line":223,"column":null}},"61":{"start":{"line":225,"column":6},"end":{"line":225,"column":null}},"62":{"start":{"line":225,"column":36},"end":{"line":225,"column":null}},"63":{"start":{"line":227,"column":6},"end":{"line":248,"column":null}},"64":{"start":{"line":228,"column":14},"end":{"line":228,"column":null}},"65":{"start":{"line":229,"column":25},"end":{"line":229,"column":null}},"66":{"start":{"line":231,"column":8},"end":{"line":245,"column":null}},"67":{"start":{"line":232,"column":10},"end":{"line":244,"column":null}},"68":{"start":{"line":246,"column":8},"end":{"line":246,"column":null}},"69":{"start":{"line":247,"column":8},"end":{"line":247,"column":null}},"70":{"start":{"line":250,"column":6},"end":{"line":250,"column":null}},"71":{"start":{"line":250,"column":48},"end":{"line":250,"column":null}},"72":{"start":{"line":252,"column":6},"end":{"line":252,"column":null}},"73":{"start":{"line":255,"column":4},"end":{"line":255,"column":null}},"74":{"start":{"line":259,"column":32},"end":{"line":259,"column":null}},"75":{"start":{"line":260,"column":34},"end":{"line":260,"column":null}},"76":{"start":{"line":261,"column":34},"end":{"line":261,"column":null}},"77":{"start":{"line":263,"column":4},"end":{"line":323,"column":null}},"78":{"start":{"line":264,"column":28},"end":{"line":264,"column":null}},"79":{"start":{"line":265,"column":28},"end":{"line":265,"column":null}},"80":{"start":{"line":267,"column":6},"end":{"line":270,"column":null}},"81":{"start":{"line":268,"column":8},"end":{"line":268,"column":null}},"82":{"start":{"line":269,"column":8},"end":{"line":269,"column":null}},"83":{"start":{"line":272,"column":18},"end":{"line":289,"column":null}},"84":{"start":{"line":292,"column":21},"end":{"line":292,"column":null}},"85":{"start":{"line":294,"column":6},"end":{"line":294,"column":null}},"86":{"start":{"line":294,"column":36},"end":{"line":294,"column":null}},"87":{"start":{"line":296,"column":6},"end":{"line":318,"column":null}},"88":{"start":{"line":297,"column":14},"end":{"line":297,"column":null}},"89":{"start":{"line":298,"column":25},"end":{"line":298,"column":null}},"90":{"start":{"line":300,"column":8},"end":{"line":315,"column":null}},"91":{"start":{"line":301,"column":10},"end":{"line":314,"column":null}},"92":{"start":{"line":316,"column":8},"end":{"line":316,"column":null}},"93":{"start":{"line":317,"column":8},"end":{"line":317,"column":null}},"94":{"start":{"line":320,"column":6},"end":{"line":320,"column":null}},"95":{"start":{"line":320,"column":48},"end":{"line":320,"column":null}},"96":{"start":{"line":322,"column":6},"end":{"line":322,"column":null}},"97":{"start":{"line":325,"column":4},"end":{"line":325,"column":null}},"98":{"start":{"line":329,"column":4},"end":{"line":329,"column":null}},"99":{"start":{"line":329,"column":34},"end":{"line":329,"column":56}},"100":{"start":{"line":333,"column":20},"end":{"line":345,"column":null}},"101":{"start":{"line":347,"column":21},"end":{"line":347,"column":null}},"102":{"start":{"line":349,"column":4},"end":{"line":364,"column":null}},"103":{"start":{"line":350,"column":21},"end":{"line":362,"column":null}},"104":{"start":{"line":363,"column":6},"end":{"line":363,"column":null}},"105":{"start":{"line":366,"column":4},"end":{"line":366,"column":null}},"106":{"start":{"line":370,"column":20},"end":{"line":383,"column":null}},"107":{"start":{"line":385,"column":21},"end":{"line":385,"column":null}},"108":{"start":{"line":387,"column":4},"end":{"line":403,"column":null}},"109":{"start":{"line":388,"column":21},"end":{"line":401,"column":null}},"110":{"start":{"line":402,"column":6},"end":{"line":402,"column":null}},"111":{"start":{"line":405,"column":4},"end":{"line":405,"column":null}},"112":{"start":{"line":409,"column":4},"end":{"line":411,"column":null}},"113":{"start":{"line":410,"column":6},"end":{"line":410,"column":null}},"114":{"start":{"line":412,"column":4},"end":{"line":412,"column":null}},"115":{"start":{"line":416,"column":21},"end":{"line":416,"column":null}},"116":{"start":{"line":417,"column":19},"end":{"line":417,"column":null}},"117":{"start":{"line":418,"column":4},"end":{"line":418,"column":null}},"118":{"start":{"line":422,"column":4},"end":{"line":426,"column":null}},"119":{"start":{"line":430,"column":35},"end":{"line":430,"column":null}},"120":{"start":{"line":431,"column":24},"end":{"line":431,"column":null}},"121":{"start":{"line":432,"column":4},"end":{"line":434,"column":null}},"122":{"start":{"line":433,"column":6},"end":{"line":433,"column":null}},"123":{"start":{"line":435,"column":4},"end":{"line":435,"column":null}},"124":{"start":{"line":439,"column":26},"end":{"line":439,"column":null}},"125":{"start":{"line":440,"column":4},"end":{"line":445,"column":null}},"126":{"start":{"line":440,"column":17},"end":{"line":440,"column":20}},"127":{"start":{"line":441,"column":17},"end":{"line":441,"column":null}},"128":{"start":{"line":442,"column":6},"end":{"line":444,"column":null}},"129":{"start":{"line":443,"column":8},"end":{"line":443,"column":null}},"130":{"start":{"line":446,"column":4},"end":{"line":446,"column":null}},"131":{"start":{"line":450,"column":46},"end":{"line":455,"column":null}},"132":{"start":{"line":456,"column":4},"end":{"line":456,"column":null}},"133":{"start":{"line":460,"column":29},"end":{"line":460,"column":null}},"134":{"start":{"line":462,"column":4},"end":{"line":464,"column":null}},"135":{"start":{"line":463,"column":6},"end":{"line":463,"column":null}},"136":{"start":{"line":465,"column":4},"end":{"line":467,"column":null}},"137":{"start":{"line":466,"column":6},"end":{"line":466,"column":null}},"138":{"start":{"line":468,"column":4},"end":{"line":470,"column":null}},"139":{"start":{"line":469,"column":6},"end":{"line":469,"column":null}},"140":{"start":{"line":472,"column":21},"end":{"line":472,"column":null}},"141":{"start":{"line":473,"column":4},"end":{"line":478,"column":null}},"142":{"start":{"line":474,"column":20},"end":{"line":474,"column":null}},"143":{"start":{"line":475,"column":6},"end":{"line":477,"column":null}},"144":{"start":{"line":476,"column":8},"end":{"line":476,"column":null}},"145":{"start":{"line":480,"column":4},"end":{"line":483,"column":null}},"146":{"start":{"line":488,"column":2},"end":{"line":488,"column":null}}},"fnMap":{"0":{"name":"exportSensorData","decl":{"start":{"line":64,"column":15},"end":{"line":64,"column":32}},"loc":{"start":{"line":64,"column":79},"end":{"line":100,"column":null}},"line":64},"1":{"name":"exportAlarmData","decl":{"start":{"line":102,"column":15},"end":{"line":102,"column":31}},"loc":{"start":{"line":102,"column":78},"end":{"line":127,"column":null}},"line":102},"2":{"name":"exportCombinedData","decl":{"start":{"line":129,"column":15},"end":{"line":129,"column":34}},"loc":{"start":{"line":129,"column":81},"end":{"line":169,"column":null}},"line":129},"3":{"name":"getFilteredSensorIds","decl":{"start":{"line":171,"column":10},"end":{"line":171,"column":31}},"loc":{"start":{"line":171,"column":65},"end":{"line":191,"column":null}},"line":171},"4":{"name":"(anonymous_4)","decl":{"start":{"line":183,"column":31},"end":{"line":183,"column":36}},"loc":{"start":{"line":183,"column":36},"end":{"line":183,"column":80}},"line":183},"5":{"name":"(anonymous_5)","decl":{"start":{"line":187,"column":31},"end":{"line":187,"column":36}},"loc":{"start":{"line":187,"column":36},"end":{"line":187,"column":69}},"line":187},"6":{"name":"(anonymous_6)","decl":{"start":{"line":190,"column":23},"end":{"line":190,"column":28}},"loc":{"start":{"line":190,"column":28},"end":{"line":190,"column":32}},"line":190},"7":{"name":"querySensorData","decl":{"start":{"line":193,"column":16},"end":{"line":193,"column":32}},"loc":{"start":{"line":193,"column":103},"end":{"line":256,"column":null}},"line":193},"8":{"name":"(anonymous_8)","decl":{"start":{"line":199,"column":41},"end":{"line":199,"column":42}},"loc":{"start":{"line":199,"column":51},"end":{"line":199,"column":62}},"line":199},"9":{"name":"queryAlarmData","decl":{"start":{"line":258,"column":16},"end":{"line":258,"column":31}},"loc":{"start":{"line":258,"column":99},"end":{"line":326,"column":null}},"line":258},"10":{"name":"yieldToEventLoop","decl":{"start":{"line":328,"column":10},"end":{"line":328,"column":44}},"loc":{"start":{"line":328,"column":44},"end":{"line":330,"column":null}},"line":328},"11":{"name":"(anonymous_11)","decl":{"start":{"line":329,"column":23},"end":{"line":329,"column":34}},"loc":{"start":{"line":329,"column":34},"end":{"line":329,"column":56}},"line":329},"12":{"name":"generateSensorCSV","decl":{"start":{"line":332,"column":10},"end":{"line":332,"column":28}},"loc":{"start":{"line":332,"column":59},"end":{"line":367,"column":null}},"line":332},"13":{"name":"generateAlarmCSV","decl":{"start":{"line":369,"column":10},"end":{"line":369,"column":27}},"loc":{"start":{"line":369,"column":53},"end":{"line":406,"column":null}},"line":369},"14":{"name":"escapeCSV","decl":{"start":{"line":408,"column":10},"end":{"line":408,"column":20}},"loc":{"start":{"line":408,"column":43},"end":{"line":413,"column":null}},"line":408},"15":{"name":"generateFilename","decl":{"start":{"line":415,"column":10},"end":{"line":415,"column":27}},"loc":{"start":{"line":415,"column":75},"end":{"line":419,"column":null}},"line":415},"16":{"name":"formatDateForFilename","decl":{"start":{"line":421,"column":10},"end":{"line":421,"column":32}},"loc":{"start":{"line":421,"column":52},"end":{"line":427,"column":null}},"line":421},"17":{"name":"getAllSensors","decl":{"start":{"line":429,"column":10},"end":{"line":429,"column":42}},"loc":{"start":{"line":429,"column":42},"end":{"line":436,"column":null}},"line":429},"18":{"name":"getAllWorkshopIds","decl":{"start":{"line":438,"column":10},"end":{"line":438,"column":40}},"loc":{"start":{"line":438,"column":40},"end":{"line":447,"column":null}},"line":438},"19":{"name":"getSensorName","decl":{"start":{"line":449,"column":10},"end":{"line":449,"column":24}},"loc":{"start":{"line":449,"column":54},"end":{"line":457,"column":null}},"line":449},"20":{"name":"validateExportOptions","decl":{"start":{"line":459,"column":9},"end":{"line":459,"column":31}},"loc":{"start":{"line":459,"column":102},"end":{"line":484,"column":null}},"line":459},"21":{"name":"createDataExporter","decl":{"start":{"line":487,"column":16},"end":{"line":487,"column":51}},"loc":{"start":{"line":487,"column":51},"end":{"line":489,"column":null}},"line":487}},"branchMap":{"0":{"loc":{"start":{"line":67,"column":6},"end":{"line":76,"column":null}},"type":"if","locations":[{"start":{"line":67,"column":6},"end":{"line":76,"column":null}},{"start":{},"end":{}}],"line":67},"1":{"loc":{"start":{"line":97,"column":15},"end":{"line":97,"column":null}},"type":"cond-expr","locations":[{"start":{"line":97,"column":40},"end":{"line":97,"column":56}},{"start":{"line":97,"column":56},"end":{"line":97,"column":null}}],"line":97},"2":{"loc":{"start":{"line":104,"column":26},"end":{"line":104,"column":null}},"type":"binary-expr","locations":[{"start":{"line":104,"column":26},"end":{"line":104,"column":49}},{"start":{"line":104,"column":49},"end":{"line":104,"column":null}}],"line":104},"3":{"loc":{"start":{"line":124,"column":15},"end":{"line":124,"column":null}},"type":"cond-expr","locations":[{"start":{"line":124,"column":40},"end":{"line":124,"column":56}},{"start":{"line":124,"column":56},"end":{"line":124,"column":null}}],"line":124},"4":{"loc":{"start":{"line":132,"column":26},"end":{"line":132,"column":null}},"type":"cond-expr","locations":[{"start":{"line":132,"column":50},"end":{"line":132,"column":88}},{"start":{"line":132,"column":88},"end":{"line":132,"column":null}}],"line":132},"5":{"loc":{"start":{"line":137,"column":6},"end":{"line":142,"column":null}},"type":"if","locations":[{"start":{"line":137,"column":6},"end":{"line":142,"column":null}},{"start":{},"end":{}}],"line":137},"6":{"loc":{"start":{"line":144,"column":6},"end":{"line":148,"column":null}},"type":"if","locations":[{"start":{"line":144,"column":6},"end":{"line":148,"column":null}},{"start":{},"end":{}}],"line":144},"7":{"loc":{"start":{"line":144,"column":10},"end":{"line":144,"column":46}},"type":"binary-expr","locations":[{"start":{"line":144,"column":10},"end":{"line":144,"column":25}},{"start":{"line":144,"column":25},"end":{"line":144,"column":46}}],"line":144},"8":{"loc":{"start":{"line":166,"column":15},"end":{"line":166,"column":null}},"type":"cond-expr","locations":[{"start":{"line":166,"column":40},"end":{"line":166,"column":56}},{"start":{"line":166,"column":56},"end":{"line":166,"column":null}}],"line":166},"9":{"loc":{"start":{"line":174,"column":4},"end":{"line":180,"column":null}},"type":"if","locations":[{"start":{"line":174,"column":4},"end":{"line":180,"column":null}},{"start":{"line":178,"column":11},"end":{"line":180,"column":null}}],"line":174},"10":{"loc":{"start":{"line":174,"column":8},"end":{"line":174,"column":63}},"type":"binary-expr","locations":[{"start":{"line":174,"column":8},"end":{"line":174,"column":31}},{"start":{"line":174,"column":31},"end":{"line":174,"column":63}}],"line":174},"11":{"loc":{"start":{"line":182,"column":4},"end":{"line":184,"column":null}},"type":"if","locations":[{"start":{"line":182,"column":4},"end":{"line":184,"column":null}},{"start":{},"end":{}}],"line":182},"12":{"loc":{"start":{"line":182,"column":8},"end":{"line":182,"column":63}},"type":"binary-expr","locations":[{"start":{"line":182,"column":8},"end":{"line":182,"column":31}},{"start":{"line":182,"column":31},"end":{"line":182,"column":63}}],"line":182},"13":{"loc":{"start":{"line":186,"column":4},"end":{"line":188,"column":null}},"type":"if","locations":[{"start":{"line":186,"column":4},"end":{"line":188,"column":null}},{"start":{},"end":{}}],"line":186},"14":{"loc":{"start":{"line":186,"column":8},"end":{"line":186,"column":59}},"type":"binary-expr","locations":[{"start":{"line":186,"column":8},"end":{"line":186,"column":29}},{"start":{"line":186,"column":29},"end":{"line":186,"column":59}}],"line":186},"15":{"loc":{"start":{"line":203,"column":6},"end":{"line":206,"column":null}},"type":"if","locations":[{"start":{"line":203,"column":6},"end":{"line":206,"column":null}},{"start":{},"end":{}}],"line":203},"16":{"loc":{"start":{"line":203,"column":10},"end":{"line":203,"column":58}},"type":"binary-expr","locations":[{"start":{"line":203,"column":10},"end":{"line":203,"column":33}},{"start":{"line":203,"column":33},"end":{"line":203,"column":58}}],"line":203},"17":{"loc":{"start":{"line":225,"column":6},"end":{"line":225,"column":null}},"type":"if","locations":[{"start":{"line":225,"column":6},"end":{"line":225,"column":null}},{"start":{},"end":{}}],"line":225},"18":{"loc":{"start":{"line":229,"column":25},"end":{"line":229,"column":null}},"type":"cond-expr","locations":[{"start":{"line":229,"column":25},"end":{"line":229,"column":71}},{"start":{"line":229,"column":71},"end":{"line":229,"column":null}}],"line":229},"19":{"loc":{"start":{"line":231,"column":8},"end":{"line":245,"column":null}},"type":"if","locations":[{"start":{"line":231,"column":8},"end":{"line":245,"column":null}},{"start":{},"end":{}}],"line":231},"20":{"loc":{"start":{"line":231,"column":12},"end":{"line":231,"column":32}},"type":"binary-expr","locations":[{"start":{"line":231,"column":12},"end":{"line":231,"column":22}},{"start":{"line":231,"column":22},"end":{"line":231,"column":32}}],"line":231},"21":{"loc":{"start":{"line":242,"column":18},"end":{"line":242,"column":null}},"type":"binary-expr","locations":[{"start":{"line":242,"column":18},"end":{"line":242,"column":51}},{"start":{"line":242,"column":51},"end":{"line":242,"column":null}}],"line":242},"22":{"loc":{"start":{"line":250,"column":6},"end":{"line":250,"column":null}},"type":"if","locations":[{"start":{"line":250,"column":6},"end":{"line":250,"column":null}},{"start":{},"end":{}}],"line":250},"23":{"loc":{"start":{"line":267,"column":6},"end":{"line":270,"column":null}},"type":"if","locations":[{"start":{"line":267,"column":6},"end":{"line":270,"column":null}},{"start":{},"end":{}}],"line":267},"24":{"loc":{"start":{"line":267,"column":10},"end":{"line":267,"column":52}},"type":"binary-expr","locations":[{"start":{"line":267,"column":10},"end":{"line":267,"column":33}},{"start":{"line":267,"column":33},"end":{"line":267,"column":52}}],"line":267},"25":{"loc":{"start":{"line":294,"column":6},"end":{"line":294,"column":null}},"type":"if","locations":[{"start":{"line":294,"column":6},"end":{"line":294,"column":null}},{"start":{},"end":{}}],"line":294},"26":{"loc":{"start":{"line":298,"column":25},"end":{"line":298,"column":null}},"type":"cond-expr","locations":[{"start":{"line":298,"column":25},"end":{"line":298,"column":71}},{"start":{"line":298,"column":71},"end":{"line":298,"column":null}}],"line":298},"27":{"loc":{"start":{"line":300,"column":8},"end":{"line":315,"column":null}},"type":"if","locations":[{"start":{"line":300,"column":8},"end":{"line":315,"column":null}},{"start":{},"end":{}}],"line":300},"28":{"loc":{"start":{"line":300,"column":12},"end":{"line":300,"column":59}},"type":"binary-expr","locations":[{"start":{"line":300,"column":12},"end":{"line":300,"column":24}},{"start":{"line":300,"column":24},"end":{"line":300,"column":59}}],"line":300},"29":{"loc":{"start":{"line":305,"column":25},"end":{"line":305,"column":null}},"type":"binary-expr","locations":[{"start":{"line":305,"column":25},"end":{"line":305,"column":41}},{"start":{"line":305,"column":41},"end":{"line":305,"column":null}}],"line":305},"30":{"loc":{"start":{"line":320,"column":6},"end":{"line":320,"column":null}},"type":"if","locations":[{"start":{"line":320,"column":6},"end":{"line":320,"column":null}},{"start":{},"end":{}}],"line":320},"31":{"loc":{"start":{"line":409,"column":4},"end":{"line":411,"column":null}},"type":"if","locations":[{"start":{"line":409,"column":4},"end":{"line":411,"column":null}},{"start":{},"end":{}}],"line":409},"32":{"loc":{"start":{"line":409,"column":8},"end":{"line":409,"column":76}},"type":"binary-expr","locations":[{"start":{"line":409,"column":8},"end":{"line":409,"column":31}},{"start":{"line":409,"column":31},"end":{"line":409,"column":54}},{"start":{"line":409,"column":54},"end":{"line":409,"column":76}}],"line":409},"33":{"loc":{"start":{"line":442,"column":6},"end":{"line":444,"column":null}},"type":"if","locations":[{"start":{"line":442,"column":6},"end":{"line":444,"column":null}},{"start":{},"end":{}}],"line":442},"34":{"loc":{"start":{"line":456,"column":33},"end":{"line":456,"column":70}},"type":"binary-expr","locations":[{"start":{"line":456,"column":33},"end":{"line":456,"column":59}},{"start":{"line":456,"column":59},"end":{"line":456,"column":70}}],"line":456},"35":{"loc":{"start":{"line":462,"column":4},"end":{"line":464,"column":null}},"type":"if","locations":[{"start":{"line":462,"column":4},"end":{"line":464,"column":null}},{"start":{},"end":{}}],"line":462},"36":{"loc":{"start":{"line":465,"column":4},"end":{"line":467,"column":null}},"type":"if","locations":[{"start":{"line":465,"column":4},"end":{"line":467,"column":null}},{"start":{},"end":{}}],"line":465},"37":{"loc":{"start":{"line":468,"column":4},"end":{"line":470,"column":null}},"type":"if","locations":[{"start":{"line":468,"column":4},"end":{"line":470,"column":null}},{"start":{},"end":{}}],"line":468},"38":{"loc":{"start":{"line":468,"column":8},"end":{"line":468,"column":86}},"type":"binary-expr","locations":[{"start":{"line":468,"column":8},"end":{"line":468,"column":29}},{"start":{"line":468,"column":29},"end":{"line":468,"column":48}},{"start":{"line":468,"column":48},"end":{"line":468,"column":86}}],"line":468},"39":{"loc":{"start":{"line":473,"column":4},"end":{"line":478,"column":null}},"type":"if","locations":[{"start":{"line":473,"column":4},"end":{"line":478,"column":null}},{"start":{},"end":{}}],"line":473},"40":{"loc":{"start":{"line":473,"column":8},"end":{"line":473,"column":46}},"type":"binary-expr","locations":[{"start":{"line":473,"column":8},"end":{"line":473,"column":29}},{"start":{"line":473,"column":29},"end":{"line":473,"column":46}}],"line":473},"41":{"loc":{"start":{"line":475,"column":6},"end":{"line":477,"column":null}},"type":"if","locations":[{"start":{"line":475,"column":6},"end":{"line":477,"column":null}},{"start":{},"end":{}}],"line":475}},"s":{"0":26,"1":26,"2":19,"3":19,"4":19,"5":2,"6":17,"7":16,"8":16,"9":16,"10":1,"11":3,"12":3,"13":3,"14":3,"15":3,"16":3,"17":0,"18":2,"19":2,"20":2,"21":2,"22":2,"23":2,"24":2,"25":2,"26":2,"27":2,"28":2,"29":1,"30":1,"31":1,"32":2,"33":2,"34":0,"35":19,"36":19,"37":16,"38":16,"39":3,"40":19,"41":1,"42":210,"43":19,"44":2,"45":1114,"46":19,"47":3579,"48":17,"49":17,"50":17,"51":17,"52":20,"53":4209,"54":20,"55":20,"56":20,"57":3,"58":3,"59":20,"60":20,"61":19,"62":13,"63":6,"64":4100,"65":4100,"66":4100,"67":4100,"68":4100,"69":4100,"70":6,"71":3,"72":3,"73":16,"74":3,"75":3,"76":3,"77":3,"78":3,"79":3,"80":3,"81":0,"82":0,"83":3,"84":3,"85":3,"86":3,"87":0,"88":0,"89":0,"90":0,"91":0,"92":0,"93":0,"94":0,"95":0,"96":0,"97":3,"98":3,"99":3,"100":16,"101":16,"102":16,"103":4100,"104":4100,"105":16,"106":3,"107":3,"108":3,"109":0,"110":0,"111":3,"112":16400,"113":0,"114":16400,"115":21,"116":21,"117":21,"118":42,"119":3,"120":3,"121":3,"122":9,"123":3,"124":4,"125":4,"126":4,"127":12,"128":12,"129":12,"130":4,"131":4100,"132":4100,"133":6,"134":6,"135":1,"136":6,"137":1,"138":6,"139":1,"140":6,"141":6,"142":4,"143":4,"144":1,"145":6,"146":26},"f":{"0":19,"1":3,"2":2,"3":19,"4":210,"5":1114,"6":3579,"7":17,"8":4209,"9":3,"10":3,"11":3,"12":16,"13":3,"14":16400,"15":21,"16":42,"17":3,"18":4,"19":4100,"20":6,"21":26},"b":{"0":[2,17],"1":[1,0],"2":[3,1],"3":[0,0],"4":[1,1],"5":[2,0],"6":[1,1],"7":[2,1],"8":[0,0],"9":[16,3],"10":[19,16],"11":[1,18],"12":[19,1],"13":[2,17],"14":[19,2],"15":[3,17],"16":[20,3],"17":[13,6],"18":[4100,0],"19":[4100,0],"20":[4100,4100],"21":[4100,0],"22":[3,3],"23":[0,3],"24":[3,0],"25":[3,0],"26":[0,0],"27":[0,0],"28":[0,0],"29":[0,0],"30":[0,0],"31":[0,16400],"32":[16400,16400,16400],"33":[12,0],"34":[4100,0],"35":[1,5],"36":[1,5],"37":[1,5],"38":[6,5,4],"39":[4,2],"40":[6,5],"41":[1,3]},"meta":{"lastBranch":42,"lastFunction":22,"lastStatement":147,"seen":{"s:55:57:60:Infinity":0,"s:62:32:62:Infinity":1,"f:64:15:64:32":0,"s:65:4:99:Infinity":2,"s:66:24:66:Infinity":3,"b:67:6:76:Infinity:undefined:undefined:undefined:undefined":0,"s:67:6:76:Infinity":4,"s:68:8:75:Infinity":5,"s:78:19:78:Infinity":6,"s:79:25:79:Infinity":7,"s:81:23:81:Infinity":8,"s:83:6:89:Infinity":9,"s:91:6:98:Infinity":10,"b:97:40:97:56:97:56:97:Infinity":1,"f:102:15:102:31":1,"s:103:4:126:Infinity":11,"s:104:26:104:Infinity":12,"b:104:26:104:49:104:49:104:Infinity":2,"s:105:19:105:Infinity":13,"s:106:25:106:Infinity":14,"s:108:23:108:Infinity":15,"s:110:6:116:Infinity":16,"s:118:6:125:Infinity":17,"b:124:40:124:56:124:56:124:Infinity":3,"f:129:15:129:34":2,"s:130:4:168:Infinity":18,"s:131:27:131:Infinity":19,"s:132:26:132:Infinity":20,"b:132:50:132:88:132:88:132:Infinity":4,"s:134:25:134:Infinity":21,"s:135:25:135:Infinity":22,"b:137:6:142:Infinity:undefined:undefined:undefined:undefined":5,"s:137:6:142:Infinity":23,"s:138:8:138:Infinity":24,"s:139:8:139:Infinity":25,"s:140:8:140:Infinity":26,"s:141:8:141:Infinity":27,"b:144:6:148:Infinity:undefined:undefined:undefined:undefined":6,"s:144:6:148:Infinity":28,"b:144:10:144:25:144:25:144:46":7,"s:145:8:145:Infinity":29,"s:146:8:146:Infinity":30,"s:147:8:147:Infinity":31,"s:150:23:150:Infinity":32,"s:152:6:158:Infinity":33,"s:160:6:167:Infinity":34,"b:166:40:166:56:166:56:166:Infinity":8,"f:171:10:171:31":3,"s:172:34:172:Infinity":35,"b:174:4:180:Infinity:178:11:180:Infinity":9,"s:174:4:180:Infinity":36,"b:174:8:174:31:174:31:174:63":10,"s:175:6:177:Infinity":37,"s:176:8:176:Infinity":38,"s:179:6:179:Infinity":39,"b:182:4:184:Infinity:undefined:undefined:undefined:undefined":11,"s:182:4:184:Infinity":40,"b:182:8:182:31:182:31:182:63":12,"s:183:6:183:Infinity":41,"f:183:31:183:36":4,"s:183:36:183:80":42,"b:186:4:188:Infinity:undefined:undefined:undefined:undefined":13,"s:186:4:188:Infinity":43,"b:186:8:186:29:186:29:186:59":14,"s:187:6:187:Infinity":44,"f:187:31:187:36":5,"s:187:36:187:69":45,"s:190:4:190:Infinity":46,"f:190:23:190:28":6,"s:190:28:190:32":47,"f:193:16:193:32":7,"s:194:37:194:Infinity":48,"s:195:34:195:Infinity":49,"s:196:40:196:Infinity":50,"s:198:4:253:Infinity":51,"s:199:27:199:Infinity":52,"f:199:41:199:42":8,"s:199:51:199:62":53,"s:200:28:200:Infinity":54,"s:201:28:201:Infinity":55,"b:203:6:206:Infinity:undefined:undefined:undefined:undefined":15,"s:203:6:206:Infinity":56,"b:203:10:203:33:203:33:203:58":16,"s:204:8:204:Infinity":57,"s:205:8:205:Infinity":58,"s:208:18:220:Infinity":59,"s:223:21:223:Infinity":60,"b:225:6:225:Infinity:undefined:undefined:undefined:undefined":17,"s:225:6:225:Infinity":61,"s:225:36:225:Infinity":62,"s:227:6:248:Infinity":63,"s:228:14:228:Infinity":64,"s:229:25:229:Infinity":65,"b:229:25:229:71:229:71:229:Infinity":18,"b:231:8:245:Infinity:undefined:undefined:undefined:undefined":19,"s:231:8:245:Infinity":66,"b:231:12:231:22:231:22:231:32":20,"s:232:10:244:Infinity":67,"b:242:18:242:51:242:51:242:Infinity":21,"s:246:8:246:Infinity":68,"s:247:8:247:Infinity":69,"b:250:6:250:Infinity:undefined:undefined:undefined:undefined":22,"s:250:6:250:Infinity":70,"s:250:48:250:Infinity":71,"s:252:6:252:Infinity":72,"s:255:4:255:Infinity":73,"f:258:16:258:31":9,"s:259:32:259:Infinity":74,"s:260:34:260:Infinity":75,"s:261:34:261:Infinity":76,"s:263:4:323:Infinity":77,"s:264:28:264:Infinity":78,"s:265:28:265:Infinity":79,"b:267:6:270:Infinity:undefined:undefined:undefined:undefined":23,"s:267:6:270:Infinity":80,"b:267:10:267:33:267:33:267:52":24,"s:268:8:268:Infinity":81,"s:269:8:269:Infinity":82,"s:272:18:289:Infinity":83,"s:292:21:292:Infinity":84,"b:294:6:294:Infinity:undefined:undefined:undefined:undefined":25,"s:294:6:294:Infinity":85,"s:294:36:294:Infinity":86,"s:296:6:318:Infinity":87,"s:297:14:297:Infinity":88,"s:298:25:298:Infinity":89,"b:298:25:298:71:298:71:298:Infinity":26,"b:300:8:315:Infinity:undefined:undefined:undefined:undefined":27,"s:300:8:315:Infinity":90,"b:300:12:300:24:300:24:300:59":28,"s:301:10:314:Infinity":91,"b:305:25:305:41:305:41:305:Infinity":29,"s:316:8:316:Infinity":92,"s:317:8:317:Infinity":93,"b:320:6:320:Infinity:undefined:undefined:undefined:undefined":30,"s:320:6:320:Infinity":94,"s:320:48:320:Infinity":95,"s:322:6:322:Infinity":96,"s:325:4:325:Infinity":97,"f:328:10:328:44":10,"s:329:4:329:Infinity":98,"f:329:23:329:34":11,"s:329:34:329:56":99,"f:332:10:332:28":12,"s:333:20:345:Infinity":100,"s:347:21:347:Infinity":101,"s:349:4:364:Infinity":102,"s:350:21:362:Infinity":103,"s:363:6:363:Infinity":104,"s:366:4:366:Infinity":105,"f:369:10:369:27":13,"s:370:20:383:Infinity":106,"s:385:21:385:Infinity":107,"s:387:4:403:Infinity":108,"s:388:21:401:Infinity":109,"s:402:6:402:Infinity":110,"s:405:4:405:Infinity":111,"f:408:10:408:20":14,"b:409:4:411:Infinity:undefined:undefined:undefined:undefined":31,"s:409:4:411:Infinity":112,"b:409:8:409:31:409:31:409:54:409:54:409:76":32,"s:410:6:410:Infinity":113,"s:412:4:412:Infinity":114,"f:415:10:415:27":15,"s:416:21:416:Infinity":115,"s:417:19:417:Infinity":116,"s:418:4:418:Infinity":117,"f:421:10:421:32":16,"s:422:4:426:Infinity":118,"f:429:10:429:42":17,"s:430:35:430:Infinity":119,"s:431:24:431:Infinity":120,"s:432:4:434:Infinity":121,"s:433:6:433:Infinity":122,"s:435:4:435:Infinity":123,"f:438:10:438:40":18,"s:439:26:439:Infinity":124,"s:440:4:445:Infinity":125,"s:440:17:440:20":126,"s:441:17:441:Infinity":127,"b:442:6:444:Infinity:undefined:undefined:undefined:undefined":33,"s:442:6:444:Infinity":128,"s:443:8:443:Infinity":129,"s:446:4:446:Infinity":130,"f:449:10:449:24":19,"s:450:46:455:Infinity":131,"s:456:4:456:Infinity":132,"b:456:33:456:59:456:59:456:70":34,"f:459:9:459:31":20,"s:460:29:460:Infinity":133,"b:462:4:464:Infinity:undefined:undefined:undefined:undefined":35,"s:462:4:464:Infinity":134,"s:463:6:463:Infinity":135,"b:465:4:467:Infinity:undefined:undefined:undefined:undefined":36,"s:465:4:467:Infinity":136,"s:466:6:466:Infinity":137,"b:468:4:470:Infinity:undefined:undefined:undefined:undefined":37,"s:468:4:470:Infinity":138,"b:468:8:468:29:468:29:468:48:468:48:468:86":38,"s:469:6:469:Infinity":139,"s:472:21:472:Infinity":140,"b:473:4:478:Infinity:undefined:undefined:undefined:undefined":39,"s:473:4:478:Infinity":141,"b:473:8:473:29:473:29:473:46":40,"s:474:20:474:Infinity":142,"b:475:6:477:Infinity:undefined:undefined:undefined:undefined":41,"s:475:6:477:Infinity":143,"s:476:8:476:Infinity":144,"s:480:4:483:Infinity":145,"f:487:16:487:51":21,"s:488:2:488:Infinity":146}}}
,"C:\\Users\\10996\\Desktop\\AI_solo_coder_task_A\\AI_solo_coder_task_A_058\\api\\modules\\dynamic-rating-engine.ts": {"path":"C:\\Users\\10996\\Desktop\\AI_solo_coder_task_A\\AI_solo_coder_task_A_058\\api\\modules\\dynamic-rating-engine.ts","statementMap":{"0":{"start":{"line":52,"column":59},"end":{"line":52,"column":null}},"1":{"start":{"line":53,"column":43},"end":{"line":53,"column":null}},"2":{"start":{"line":54,"column":48},"end":{"line":54,"column":null}},"3":{"start":{"line":59,"column":18},"end":{"line":64,"column":null}},"4":{"start":{"line":67,"column":4},"end":{"line":67,"column":null}},"5":{"start":{"line":68,"column":4},"end":{"line":68,"column":null}},"6":{"start":{"line":69,"column":4},"end":{"line":69,"column":null}},"7":{"start":{"line":70,"column":4},"end":{"line":70,"column":null}},"8":{"start":{"line":72,"column":4},"end":{"line":72,"column":null}},"9":{"start":{"line":76,"column":27},"end":{"line":76,"column":null}},"10":{"start":{"line":77,"column":4},"end":{"line":79,"column":null}},"11":{"start":{"line":78,"column":6},"end":{"line":78,"column":null}},"12":{"start":{"line":80,"column":4},"end":{"line":80,"column":null}},"13":{"start":{"line":82,"column":4},"end":{"line":92,"column":null}},"14":{"start":{"line":83,"column":6},"end":{"line":91,"column":null}},"15":{"start":{"line":84,"column":14},"end":{"line":87,"column":null}},"16":{"start":{"line":88,"column":8},"end":{"line":88,"column":null}},"17":{"start":{"line":90,"column":8},"end":{"line":90,"column":null}},"18":{"start":{"line":94,"column":4},"end":{"line":100,"column":null}},"19":{"start":{"line":95,"column":12},"end":{"line":98,"column":null}},"20":{"start":{"line":99,"column":6},"end":{"line":99,"column":null}},"21":{"start":{"line":104,"column":15},"end":{"line":104,"column":null}},"22":{"start":{"line":105,"column":4},"end":{"line":110,"column":null}},"23":{"start":{"line":106,"column":6},"end":{"line":106,"column":null}},"24":{"start":{"line":107,"column":6},"end":{"line":109,"column":null}},"25":{"start":{"line":108,"column":8},"end":{"line":108,"column":null}},"26":{"start":{"line":111,"column":4},"end":{"line":111,"column":null}},"27":{"start":{"line":117,"column":40},"end":{"line":117,"column":null}},"28":{"start":{"line":119,"column":4},"end":{"line":176,"column":null}},"29":{"start":{"line":120,"column":24},"end":{"line":120,"column":null}},"30":{"start":{"line":120,"column":62},"end":{"line":120,"column":88}},"31":{"start":{"line":121,"column":22},"end":{"line":121,"column":null}},"32":{"start":{"line":121,"column":60},"end":{"line":121,"column":84}},"33":{"start":{"line":122,"column":6},"end":{"line":122,"column":null}},"34":{"start":{"line":122,"column":34},"end":{"line":122,"column":null}},"35":{"start":{"line":124,"column":12},"end":{"line":124,"column":null}},"36":{"start":{"line":126,"column":12},"end":{"line":126,"column":null}},"37":{"start":{"line":127,"column":12},"end":{"line":127,"column":null}},"38":{"start":{"line":128,"column":12},"end":{"line":128,"column":null}},"39":{"start":{"line":130,"column":20},"end":{"line":130,"column":null}},"40":{"start":{"line":131,"column":18},"end":{"line":131,"column":null}},"41":{"start":{"line":132,"column":6},"end":{"line":138,"column":null}},"42":{"start":{"line":133,"column":21},"end":{"line":133,"column":null}},"43":{"start":{"line":134,"column":8},"end":{"line":137,"column":null}},"44":{"start":{"line":135,"column":10},"end":{"line":135,"column":null}},"45":{"start":{"line":136,"column":10},"end":{"line":136,"column":null}},"46":{"start":{"line":139,"column":28},"end":{"line":139,"column":null}},"47":{"start":{"line":141,"column":20},"end":{"line":141,"column":null}},"48":{"start":{"line":142,"column":6},"end":{"line":142,"column":null}},"49":{"start":{"line":143,"column":6},"end":{"line":149,"column":null}},"50":{"start":{"line":144,"column":21},"end":{"line":144,"column":null}},"51":{"start":{"line":145,"column":8},"end":{"line":148,"column":null}},"52":{"start":{"line":146,"column":10},"end":{"line":146,"column":null}},"53":{"start":{"line":147,"column":10},"end":{"line":147,"column":null}},"54":{"start":{"line":150,"column":24},"end":{"line":150,"column":null}},"55":{"start":{"line":152,"column":21},"end":{"line":152,"column":null}},"56":{"start":{"line":153,"column":6},"end":{"line":153,"column":null}},"57":{"start":{"line":154,"column":6},"end":{"line":160,"column":null}},"58":{"start":{"line":155,"column":21},"end":{"line":155,"column":null}},"59":{"start":{"line":156,"column":8},"end":{"line":159,"column":null}},"60":{"start":{"line":157,"column":10},"end":{"line":157,"column":null}},"61":{"start":{"line":158,"column":10},"end":{"line":158,"column":null}},"62":{"start":{"line":161,"column":30},"end":{"line":161,"column":null}},"63":{"start":{"line":163,"column":29},"end":{"line":163,"column":null}},"64":{"start":{"line":164,"column":23},"end":{"line":164,"column":null}},"65":{"start":{"line":166,"column":6},"end":{"line":175,"column":null}},"66":{"start":{"line":178,"column":4},"end":{"line":178,"column":null}},"67":{"start":{"line":184,"column":20},"end":{"line":184,"column":null}},"68":{"start":{"line":184,"column":60},"end":{"line":184,"column":89}},"69":{"start":{"line":185,"column":26},"end":{"line":185,"column":null}},"70":{"start":{"line":186,"column":23},"end":{"line":186,"column":null}},"71":{"start":{"line":188,"column":19},"end":{"line":194,"column":null}},"72":{"start":{"line":196,"column":4},"end":{"line":200,"column":null}},"73":{"start":{"line":206,"column":20},"end":{"line":206,"column":null}},"74":{"start":{"line":207,"column":30},"end":{"line":207,"column":null}},"75":{"start":{"line":208,"column":50},"end":{"line":208,"column":null}},"76":{"start":{"line":210,"column":4},"end":{"line":212,"column":null}},"77":{"start":{"line":211,"column":6},"end":{"line":211,"column":null}},"78":{"start":{"line":214,"column":23},"end":{"line":214,"column":null}},"79":{"start":{"line":214,"column":47},"end":{"line":214,"column":71}},"80":{"start":{"line":215,"column":20},"end":{"line":215,"column":null}},"81":{"start":{"line":215,"column":44},"end":{"line":215,"column":66}},"82":{"start":{"line":216,"column":24},"end":{"line":216,"column":null}},"83":{"start":{"line":216,"column":48},"end":{"line":216,"column":73}},"84":{"start":{"line":218,"column":25},"end":{"line":221,"column":null}},"85":{"start":{"line":219,"column":6},"end":{"line":219,"column":null}},"86":{"start":{"line":223,"column":37},"end":{"line":236,"column":null}},"87":{"start":{"line":227,"column":56},"end":{"line":227,"column":63}},"88":{"start":{"line":230,"column":51},"end":{"line":230,"column":58}},"89":{"start":{"line":233,"column":58},"end":{"line":233,"column":65}},"90":{"start":{"line":238,"column":4},"end":{"line":238,"column":null}},"91":{"start":{"line":239,"column":4},"end":{"line":239,"column":null}},"92":{"start":{"line":240,"column":4},"end":{"line":241,"column":null}},"93":{"start":{"line":243,"column":4},"end":{"line":264,"column":null}},"94":{"start":{"line":244,"column":6},"end":{"line":263,"column":null}},"95":{"start":{"line":245,"column":8},"end":{"line":258,"column":null}},"96":{"start":{"line":259,"column":8},"end":{"line":259,"column":null}},"97":{"start":{"line":261,"column":8},"end":{"line":261,"column":null}},"98":{"start":{"line":262,"column":8},"end":{"line":262,"column":null}},"99":{"start":{"line":266,"column":4},"end":{"line":275,"column":null}},"100":{"start":{"line":267,"column":6},"end":{"line":274,"column":null}},"101":{"start":{"line":268,"column":31},"end":{"line":268,"column":null}},"102":{"start":{"line":269,"column":8},"end":{"line":271,"column":null}},"103":{"start":{"line":270,"column":10},"end":{"line":270,"column":null}},"104":{"start":{"line":270,"column":45},"end":{"line":270,"column":89}},"105":{"start":{"line":273,"column":8},"end":{"line":273,"column":null}},"106":{"start":{"line":277,"column":4},"end":{"line":277,"column":null}},"107":{"start":{"line":281,"column":4},"end":{"line":281,"column":null}},"108":{"start":{"line":285,"column":4},"end":{"line":285,"column":null}},"109":{"start":{"line":289,"column":4},"end":{"line":289,"column":null}},"110":{"start":{"line":293,"column":17},"end":{"line":293,"column":null}},"111":{"start":{"line":294,"column":4},"end":{"line":294,"column":null}},"112":{"start":{"line":298,"column":4},"end":{"line":298,"column":null}},"113":{"start":{"line":299,"column":4},"end":{"line":301,"column":null}},"114":{"start":{"line":300,"column":6},"end":{"line":300,"column":null}},"115":{"start":{"line":305,"column":4},"end":{"line":305,"column":null}},"116":{"start":{"line":309,"column":4},"end":{"line":309,"column":null}},"117":{"start":{"line":310,"column":4},"end":{"line":315,"column":null}},"118":{"start":{"line":322,"column":2},"end":{"line":322,"column":null}}},"fnMap":{"0":{"name":"constructor","decl":{"start":{"line":66,"column":2},"end":{"line":66,"column":14}},"loc":{"start":{"line":66,"column":49},"end":{"line":73,"column":null}},"line":66},"1":{"name":"initializeCalculators","decl":{"start":{"line":75,"column":10},"end":{"line":75,"column":40}},"loc":{"start":{"line":75,"column":40},"end":{"line":101,"column":null}},"line":75},"2":{"name":"getCalculator","decl":{"start":{"line":103,"column":10},"end":{"line":103,"column":24}},"loc":{"start":{"line":103,"column":69},"end":{"line":112,"column":null}},"line":103},"3":{"name":"getSegmentConditions","decl":{"start":{"line":114,"column":9},"end":{"line":114,"column":null}},"loc":{"start":{"line":116,"column":24},"end":{"line":179,"column":null}},"line":116},"4":{"name":"(anonymous_4)","decl":{"start":{"line":120,"column":57},"end":{"line":120,"column":62}},"loc":{"start":{"line":120,"column":62},"end":{"line":120,"column":88}},"line":120},"5":{"name":"(anonymous_5)","decl":{"start":{"line":121,"column":55},"end":{"line":121,"column":60}},"loc":{"start":{"line":121,"column":60},"end":{"line":121,"column":84}},"line":121},"6":{"name":"calculateForSegment","decl":{"start":{"line":181,"column":9},"end":{"line":181,"column":null}},"loc":{"start":{"line":183,"column":25},"end":{"line":201,"column":null}},"line":183},"7":{"name":"(anonymous_7)","decl":{"start":{"line":184,"column":55},"end":{"line":184,"column":60}},"loc":{"start":{"line":184,"column":60},"end":{"line":184,"column":89}},"line":184},"8":{"name":"calculateLineRating","decl":{"start":{"line":203,"column":15},"end":{"line":203,"column":null}},"loc":{"start":{"line":205,"column":31},"end":{"line":278,"column":null}},"line":205},"9":{"name":"(anonymous_9)","decl":{"start":{"line":214,"column":42},"end":{"line":214,"column":47}},"loc":{"start":{"line":214,"column":47},"end":{"line":214,"column":71}},"line":214},"10":{"name":"(anonymous_10)","decl":{"start":{"line":215,"column":39},"end":{"line":215,"column":44}},"loc":{"start":{"line":215,"column":44},"end":{"line":215,"column":66}},"line":215},"11":{"name":"(anonymous_11)","decl":{"start":{"line":216,"column":43},"end":{"line":216,"column":48}},"loc":{"start":{"line":216,"column":48},"end":{"line":216,"column":73}},"line":216},"12":{"name":"(anonymous_12)","decl":{"start":{"line":218,"column":47},"end":{"line":218,"column":48}},"loc":{"start":{"line":219,"column":6},"end":{"line":219,"column":null}},"line":219},"13":{"name":"(anonymous_13)","decl":{"start":{"line":227,"column":46},"end":{"line":227,"column":47}},"loc":{"start":{"line":227,"column":56},"end":{"line":227,"column":63}},"line":227},"14":{"name":"(anonymous_14)","decl":{"start":{"line":230,"column":41},"end":{"line":230,"column":42}},"loc":{"start":{"line":230,"column":51},"end":{"line":230,"column":58}},"line":230},"15":{"name":"(anonymous_15)","decl":{"start":{"line":233,"column":48},"end":{"line":233,"column":49}},"loc":{"start":{"line":233,"column":58},"end":{"line":233,"column":65}},"line":233},"16":{"name":"(anonymous_16)","decl":{"start":{"line":270,"column":36},"end":{"line":270,"column":37}},"loc":{"start":{"line":270,"column":45},"end":{"line":270,"column":89}},"line":270},"17":{"name":"getLastResult","decl":{"start":{"line":280,"column":9},"end":{"line":280,"column":50}},"loc":{"start":{"line":280,"column":50},"end":{"line":282,"column":null}},"line":280},"18":{"name":"getStatistics","decl":{"start":{"line":284,"column":9},"end":{"line":284,"column":25}},"loc":{"start":{"line":284,"column":25},"end":{"line":286,"column":null}},"line":284},"19":{"name":"getConductorCodes","decl":{"start":{"line":288,"column":9},"end":{"line":288,"column":39}},"loc":{"start":{"line":288,"column":39},"end":{"line":290,"column":null}},"line":288},"20":{"name":"getConductorSpec","decl":{"start":{"line":292,"column":9},"end":{"line":292,"column":26}},"loc":{"start":{"line":292,"column":40},"end":{"line":295,"column":null}},"line":292},"21":{"name":"onRatingUpdate","decl":{"start":{"line":297,"column":9},"end":{"line":297,"column":24}},"loc":{"start":{"line":297,"column":62},"end":{"line":302,"column":null}},"line":297},"22":{"name":"(anonymous_22)","decl":{"start":{"line":299,"column":11},"end":{"line":299,"column":17}},"loc":{"start":{"line":299,"column":17},"end":{"line":301,"column":null}},"line":299},"23":{"name":"removeAllListeners","decl":{"start":{"line":304,"column":9},"end":{"line":304,"column":36}},"loc":{"start":{"line":304,"column":36},"end":{"line":306,"column":null}},"line":304},"24":{"name":"reset","decl":{"start":{"line":308,"column":9},"end":{"line":308,"column":23}},"loc":{"start":{"line":308,"column":23},"end":{"line":316,"column":null}},"line":308},"25":{"name":"createDynamicRatingEngine","decl":{"start":{"line":319,"column":16},"end":{"line":319,"column":null}},"loc":{"start":{"line":321,"column":23},"end":{"line":323,"column":null}},"line":321}},"branchMap":{"0":{"loc":{"start":{"line":66,"column":14},"end":{"line":66,"column":49}},"type":"default-arg","locations":[{"start":{"line":66,"column":45},"end":{"line":66,"column":49}}],"line":66},"1":{"loc":{"start":{"line":67,"column":32},"end":{"line":67,"column":null}},"type":"binary-expr","locations":[{"start":{"line":67,"column":32},"end":{"line":67,"column":64}},{"start":{"line":67,"column":64},"end":{"line":67,"column":null}}],"line":67},"2":{"loc":{"start":{"line":68,"column":32},"end":{"line":68,"column":null}},"type":"binary-expr","locations":[{"start":{"line":68,"column":32},"end":{"line":68,"column":64}},{"start":{"line":68,"column":64},"end":{"line":68,"column":null}}],"line":68},"3":{"loc":{"start":{"line":69,"column":26},"end":{"line":69,"column":null}},"type":"binary-expr","locations":[{"start":{"line":69,"column":26},"end":{"line":69,"column":52}},{"start":{"line":69,"column":52},"end":{"line":69,"column":null}}],"line":69},"4":{"loc":{"start":{"line":70,"column":26},"end":{"line":70,"column":null}},"type":"binary-expr","locations":[{"start":{"line":70,"column":26},"end":{"line":70,"column":52}},{"start":{"line":70,"column":52},"end":{"line":70,"column":null}}],"line":70},"5":{"loc":{"start":{"line":94,"column":4},"end":{"line":100,"column":null}},"type":"if","locations":[{"start":{"line":94,"column":4},"end":{"line":100,"column":null}},{"start":{},"end":{}}],"line":94},"6":{"loc":{"start":{"line":105,"column":4},"end":{"line":110,"column":null}},"type":"if","locatio
[...]
"line":243,"column":6},"end":{"line":243,"column":null}},"52":{"start":{"line":244,"column":6},"end":{"line":244,"column":null}},"53":{"start":{"line":249,"column":4},"end":{"line":255,"column":null}},"54":{"start":{"line":250,"column":21},"end":{"line":250,"column":null}},"55":{"start":{"line":251,"column":6},"end":{"line":253,"column":null}},"56":{"start":{"line":252,"column":8},"end":{"line":252,"column":null}},"57":{"start":{"line":254,"column":6},"end":{"line":254,"column":null}},"58":{"start":{"line":258,"column":31},"end":{"line":258,"column":null}},"59":{"start":{"line":260,"column":39},"end":{"line":260,"column":null}},"60":{"start":{"line":263,"column":4},"end":{"line":263,"column":null}},"61":{"start":{"line":263,"column":39},"end":{"line":263,"column":66}},"62":{"start":{"line":266,"column":28},"end":{"line":266,"column":null}},"63":{"start":{"line":268,"column":37},"end":{"line":268,"column":null}},"64":{"start":{"line":270,"column":40},"end":{"line":270,"column":null}},"65":{"start":{"line":273,"column":18},"end":{"line":273,"column":null}},"66":{"start":{"line":274,"column":31},"end":{"line":274,"column":null}},"67":{"start":{"line":275,"column":4},"end":{"line":277,"column":null}},"68":{"start":{"line":276,"column":6},"end":{"line":276,"column":null}},"69":{"start":{"line":281,"column":18},"end":{"line":281,"column":null}},"70":{"start":{"line":282,"column":29},"end":{"line":282,"column":null}},"71":{"start":{"line":282,"column":59},"end":{"line":282,"column":70}},"72":{"start":{"line":283,"column":25},"end":{"line":283,"column":null}},"73":{"start":{"line":283,"column":59},"end":{"line":283,"column":92}},"74":{"start":{"line":284,"column":10},"end":{"line":284,"column":null}},"75":{"start":{"line":285,"column":4},"end":{"line":285,"column":null}},"76":{"start":{"line":289,"column":4},"end":{"line":291,"column":null}},"77":{"start":{"line":290,"column":21},"end":{"line":290,"column":31}},"78":{"start":{"line":291,"column":18},"end":{"line":291,"column":30}},"79":{"start":{"line":295,"column":18},"end":{"line":295,"column":null}},"80":{"start":{"line":296,"column":28},"end":{"line":296,"column":null}},"81":{"start":{"line":296,"column":56},"end":{"line":296,"column":83}},"82":{"start":{"line":297,"column":44},"end":{"line":297,"column":null}},"83":{"start":{"line":298,"column":4},"end":{"line":301,"column":null}},"84":{"start":{"line":299,"column":19},"end":{"line":299,"column":null}},"85":{"start":{"line":300,"column":6},"end":{"line":300,"column":null}},"86":{"start":{"line":300,"column":16},"end":{"line":300,"column":null}},"87":{"start":{"line":302,"column":4},"end":{"line":302,"column":null}},"88":{"start":{"line":306,"column":4},"end":{"line":306,"column":null}},"89":{"start":{"line":306,"column":69},"end":{"line":306,"column":80}}},"fnMap":{"0":{"name":"(anonymous_0)","decl":{"start":{"line":142,"column":50},"end":{"line":142,"column":51}},"loc":{"start":{"line":142,"column":65},"end":{"line":308,"column":2}},"line":142},"1":{"name":"(anonymous_1)","decl":{"start":{"line":160,"column":14},"end":{"line":160,"column":15}},"loc":{"start":{"line":160,"column":27},"end":{"line":160,"column":null}},"line":160},"2":{"name":"(anonymous_2)","decl":{"start":{"line":162,"column":20},"end":{"line":162,"column":21}},"loc":{"start":{"line":162,"column":30},"end":{"line":170,"column":null}},"line":162},"3":{"name":"(anonymous_3)","decl":{"start":{"line":163,"column":8},"end":{"line":163,"column":9}},"loc":{"start":{"line":163,"column":19},"end":{"line":169,"column":5}},"line":163},"4":{"name":"(anonymous_4)","decl":{"start":{"line":165,"column":19},"end":{"line":165,"column":20}},"loc":{"start":{"line":165,"column":26},"end":{"line":167,"column":7}},"line":165},"5":{"name":"(anonymous_5)","decl":{"start":{"line":172,"column":15},"end":{"line":172,"column":16}},"loc":{"start":{"line":172,"column":29},"end":{"line":172,"column":null}},"line":172},"6":{"name":"(anonymous_6)","decl":{"start":{"line":174,"column":12},"end":{"line":174,"column":13}},"loc":{"start":{"line":174,"column":23},"end":{"line":178,"column":null}},"line":174},"7":{"name":"(anonymous_7)","decl":{"start":{"line":175,"column":8},"end":{"line":175,"column":9}},"loc":{"start":{"line":175,"column":20},"end":{"line":177,"column":6}},"line":175},"8":{"name":"(anonymous_8)","decl":{"start":{"line":176,"column":45},"end":{"line":176,"column":46}},"loc":{"start":{"line":176,"column":52},"end":{"line":176,"column":69}},"line":176},"9":{"name":"(anonymous_9)","decl":{"start":{"line":180,"column":21},"end":{"line":180,"column":22}},"loc":{"start":{"line":180,"column":29},"end":{"line":180,"column":null}},"line":180},"10":{"name":"(anonymous_10)","decl":{"start":{"line":182,"column":18},"end":{"line":182,"column":19}},"loc":{"start":{"line":182,"column":38},"end":{"line":188,"column":null}},"line":182},"11":{"name":"(anonymous_11)","decl":{"start":{"line":183,"column":8},"end":{"line":183,"column":9}},"loc":{"start":{"line":183,"column":19},"end":{"line":187,"column":5}},"line":183},"12":{"name":"(anonymous_12)","decl":{"start":{"line":190,"column":16},"end":{"line":190,"column":17}},"loc":{"start":{"line":190,"column":31},"end":{"line":190,"column":null}},"line":190},"13":{"name":"(anonymous_13)","decl":{"start":{"line":192,"column":17},"end":{"line":192,"column":18}},"loc":{"start":{"line":192,"column":25},"end":{"line":192,"column":null}},"line":192},"14":{"name":"(anonymous_14)","decl":{"start":{"line":192,"column":44},"end":{"line":192,"column":45}},"loc":{"start":{"line":192,"column":51},"end":{"line":192,"column":62}},"line":192},"15":{"name":"(anonymous_15)","decl":{"start":{"line":194,"column":17},"end":{"line":194,"column":18}},"loc":{"start":{"line":194,"column":25},"end":{"line":194,"column":null}},"line":194},"16":{"name":"(anonymous_16)","decl":{"start":{"line":196,"column":23},"end":{"line":196,"column":24}},"loc":{"start":{"line":196,"column":43},"end":{"line":201,"column":null}},"line":196},"17":{"name":"(anonymous_17)","decl":{"start":{"line":203,"column":12},"end":{"line":203,"column":13}},"loc":{"start":{"line":203,"column":26},"end":{"line":205,"column":null}},"line":203},"18":{"name":"(anonymous_18)","decl":{"start":{"line":204,"column":29},"end":{"line":204,"column":30}},"loc":{"start":{"line":204,"column":36},"end":{"line":204,"column":73}},"line":204},"19":{"name":"(anonymous_19)","decl":{"start":{"line":207,"column":26},"end":{"line":207,"column":27}},"loc":{"start":{"line":207,"column":40},"end":{"line":215,"column":null}},"line":207},"20":{"name":"(anonymous_20)","decl":{"start":{"line":208,"column":41},"end":{"line":208,"column":42}},"loc":{"start":{"line":208,"column":48},"end":{"line":208,"column":63}},"line":208},"21":{"name":"(anonymous_21)","decl":{"start":{"line":210,"column":26},"end":{"line":210,"column":27}},"loc":{"start":{"line":210,"column":42},"end":{"line":214,"column":5}},"line":210},"22":{"name":"(anonymous_22)","decl":{"start":{"line":217,"column":20},"end":{"line":217,"column":21}},"loc":{"start":{"line":217,"column":36},"end":{"line":223,"column":null}},"line":217},"23":{"name":"(anonymous_23)","decl":{"start":{"line":218,"column":8},"end":{"line":218,"column":9}},"loc":{"start":{"line":218,"column":19},"end":{"line":222,"column":5}},"line":218},"24":{"name":"(anonymous_24)","decl":{"start":{"line":225,"column":25},"end":{"line":225,"column":26}},"loc":{"start":{"line":225,"column":38},"end":{"line":238,"column":null}},"line":225},"25":{"name":"(anonymous_25)","decl":{"start":{"line":226,"column":8},"end":{"line":226,"column":9}},"loc":{"start":{"line":226,"column":19},"end":{"line":237,"column":5}},"line":226},"26":{"name":"(anonymous_26)","decl":{"start":{"line":240,"column":24},"end":{"line":240,"column":25}},"loc":{"start":{"line":240,"column":36},"end":{"line":246,"column":null}},"line":240},"27":{"name":"(anonymous_27)","decl":{"start":{"line":241,"column":8},"end":{"line":241,"column":9}},"loc":{"start":{"line":241,"column":19},"end":{"line":245,"column":5}},"line":241},"28":{"name":"(anonymous_28)","decl":{"start":{"line":248,"column":29},"end":{"line":248,"column":30}},"loc":{"start":{"line":248,"column":43},"end":{"line":256,"column":null}},"line":248},"29":{"name":"(anonymous_29)","decl":{"start":{"line":249,"column":8},"end":{"line":249,"column":9}},"loc":{"start":{"line":249,"column":19},"end":{"line":255,"column":5}},"line":249},"30":{"name":"(anonymous_30)","decl":{"start":{"line":251,"column":23},"end":{"line":251,"column":24}},"loc":{"start":{"line":251,"column":35},"end":{"line":253,"column":7}},"line":251},"31":{"name":"(anonymous_31)","decl":{"start":{"line":258,"column":16},"end":{"line":258,"column":17}},"loc":{"start":{"line":258,"column":31},"end":{"line":258,"column":null}},"line":258},"32":{"name":"(anonymous_32)","decl":{"start":{"line":260,"column":23},"end":{"line":260,"column":24}},"loc":{"start":{"line":260,"column":39},"end":{"line":260,"column":null}},"line":260},"33":{"name":"(anonymous_33)","decl":{"start":{"line":262,"column":24},"end":{"line":262,"column":25}},"loc":{"start":{"line":262,"column":40},"end":{"line":264,"column":null}},"line":262},"34":{"name":"(anonymous_34)","decl":{"start":{"line":263,"column":32},"end":{"line":263,"column":33}},"loc":{"start":{"line":263,"column":39},"end":{"line":263,"column":66}},"line":263},"35":{"name":"(anonymous_35)","decl":{"start":{"line":266,"column":15},"end":{"line":266,"column":16}},"loc":{"start":{"line":266,"column":28},"end":{"line":266,"column":null}},"line":266},"36":{"name":"(anonymous_36)","decl":{"start":{"line":268,"column":23},"end":{"line":268,"column":24}},"loc":{"start":{"line":268,"column":37},"end":{"line":268,"column":null}},"line":268},"37":{"name":"(anonymous_37)","decl":{"start":{"line":270,"column":17},"end":{"line":270,"column":18}},"loc":{"start":{"line":270,"column":40},"end":{"line":270,"column":null}},"line":270},"38":{"name":"(anonymous_38)","decl":{"start":{"line":272,"column":18},"end":{"line":272,"column":24}},"loc":{"start":{"line":272,"column":24},"end":{"line":278,"column":null}},"line":272},"39":{"name":"(anonymous_39)","decl":{"start":{"line":280,"column":19},"end":{"line":280,"column":25}},"loc":{"start":{"line":280,"column":25},"end":{"line":286,"column":null}},"line":280},"40":{"name":"(anonymous_40)","decl":{"start":{"line":282,"column":52},"end":{"line":282,"column":53}},"loc":{"start":{"line":282,"column":59},"end":{"line":282,"column":70}},"line":282},"41":{"name":"(anonymous_41)","decl":{"start":{"line":283,"column":52},"end":{"line":283,"column":53}},"loc":{"start":{"line":283,"column":59},"end":{"line":283,"column":92}},"line":283},"42":{"name":"(anonymous_42)","decl":{"start":{"line":288,"column":29},"end":{"line":288,"column":35}},"loc":{"start":{"line":288,"column":35},"end":{"line":292,"column":null}},"line":288},"43":{"name":"(anonymous_43)","decl":{"start":{"line":290,"column":14},"end":{"line":290,"column":15}},"loc":{"start":{"line":290,"column":21},"end":{"line":290,"column":31}},"line":290},"44":{"name":"(anonymous_44)","decl":{"start":{"line":291,"column":11},"end":{"line":291,"column":12}},"loc":{"start":{"line":291,"column":18},"end":{"line":291,"column":30}},"line":291},"45":{"name":"(anonymous_45)","decl":{"start":{"line":294,"column":29},"end":{"line":294,"column":30}},"loc":{"start":{"line":294,"column":45},"end":{"line":303,"column":null}},"line":294},"46":{"name":"(anonymous_46)","decl":{"start":{"line":296,"column":49},"end":{"line":296,"column":50}},"loc":{"start":{"line":296,"column":56},"end":{"line":296,"column":83}},"line":296},"47":{"name":"(anonymous_47)","decl":{"start":{"line":298,"column":28},"end":{"line":298,"column":29}},"loc":{"start":{"line":298,"column":40},"end":{"line":301,"column":5}},"line":298},"48":{"name":"(anonymous_48)","decl":{"start":{"line":305,"column":19},"end":{"line":305,"column":20}},"loc":{"start":{"line":305,"column":35},"end":{"line":307,"column":null}},"line":305},"49":{"name":"(anonymous_49)","decl":{"start":{"line":306,"column":62},"end":{"line":306,"column":63}},"loc":{"start":{"line":306,"column":69},"end":{"line":306,"column":80}},"line":306}},"branchMap":{"0":{"loc":{"start":{"line":198,"column":4},"end":{"line":198,"column":null}},"type":"if","locations":[{"start":{"line":198,"column":4},"end":{"line":198,"column":null}},{"start":{},"end":{}}],"line":198},"1":{"loc":{"start":{"line":199,"column":4},"end":{"line":199,"column":null}},"type":"if","locations":[{"start":{"line":199,"column":4},"end":{"line":199,"column":null}},{"start":{},"end":{}}],"line":199},"2":{"loc":{"start":{"line":204,"column":36},"end":{"line":204,"column":73}},"type":"binary-expr","locations":[{"start":{"line":204,"column":36},"end":{"line":204,"column":63}},{"start":{"line":204,"column":63},"end":{"line":204,"column":73}}],"line":204},"3":{"loc":{"start":{"line":209,"column":4},"end":{"line":209,"column":null}},"type":"if","locations":[{"start":{"line":209,"column":4},"end":{"line":209,"column":null}},{"start":{},"end":{}}],"line":209},"4":{"loc":{"start":{"line":213,"column":13},"end":{"line":213,"column":null}},"type":"cond-expr","locations":[{"start":{"line":213,"column":34},"end":{"line":213,"column":38}},{"start":{"line":213,"column":38},"end":{"line":213,"column":null}}],"line":213},"5":{"loc":{"start":{"line":228,"column":6},"end":{"line":235,"column":null}},"type":"if","locations":[{"start":{"line":228,"column":6},"end":{"line":235,"column":null}},{"start":{"line":233,"column":13},"end":{"line":235,"column":null}}],"line":228},"6":{"loc":{"start":{"line":230,"column":8},"end":{"line":232,"column":null}},"type":"if","locations":[{"start":{"line":230,"column":8},"end":{"line":232,"column":null}},{"start":{},"end":{}}],"line":230},"7":{"loc":{"start":{"line":230,"column":12},"end":{"line":230,"column":47}},"type":"binary-expr","locations":[{"start":{"line":230,"column":12},"end":{"line":230,"column":30}},{"start":{"line":230,"column":30},"end":{"line":230,"column":47}}],"line":230},"8":{"loc":{"start":{"line":270,"column":18},"end":{"line":270,"column":40}},"type":"default-arg","locations":[{"start":{"line":270,"column":27},"end":{"line":270,"column":40}}],"line":270},"9":{"loc":{"start":{"line":275,"column":4},"end":{"line":277,"column":null}},"type":"if","locations":[{"start":{"line":275,"column":4},"end":{"line":277,"column":null}},{"start":{},"end":{}}],"line":275},"10":{"loc":{"start":{"line":285,"column":11},"end":{"line":285,"column":null}},"type":"binary-expr","locations":[{"start":{"line":285,"column":11},"end":{"line":285,"column":46}},{"start":{"line":285,"column":46},"end":{"line":285,"column":null}}],"line":285},"11":{"loc":{"start":{"line":300,"column":6},"end":{"line":300,"column":null}},"type":"if","locations":[{"start":{"line":300,"column":6},"end":{"line":300,"column":null}},{"start":{},"end":{}}],"line":300}},"s":{"0":1,"1":1,"2":0,"3":0,"4":0,"5":0,"6":0,"7":0,"8":0,"9":0,"10":0,"11":0,"12":0,"13":0,"14":0,"15":0,"16":0,"17":0,"18":0,"19":0,"20":0,"21":0,"22":0,"23":0,"24":0,"25":0,"26":0,"27":0,"28":0,"29":0,"30":0,"31":0,"32":0,"33":0,"34":0,"35":0,"36":0,"37":0,"38":0,"39":0,"40":0,"41":10,"42":10,"43":10,"44":7,"45":7,"46":3,"47":3,"48":10,"49":1,"50":1,"51":1,"52":1,"53":1,"54":1,"55":1,"56":2,"57":1,"58":0,"59":1,"60":0,"61":0,"62":9,"63":1,"64":3,"65":3,"66":3,"67":3,"68":2,"69":6,"70":6,"71":13,"72":6,"73":7,"74":6,"75":6,"76":3,"77":3,"78":3,"79":2,"80":2,"81":6,"82":2,"83":2,"84":4,"85":4,"86":4,"87":2,"88":1,"89":2},"f":{"0":1,"1":0,"2":0,"3":0,"4":0,"5":0,"6":0,"7":0,"8":0,"9":0,"10":0,"11":0,"12":0,"13":0,"14":0,"15":0,"16":0,"17":0,"18":0,"19":0,"20":0,"21":0,"22":0,"23":0,"24":10,"25":10,"26":1,"27":1,"28":1,"29":1,"30":2,"31":0,"32":1,"33":0,"34":0,"35":9,"36":1,"37":3,"38":3,"39":6,"40":13,"41":7,"42":3,"43":3,"44":3,"45":2,"46":6,"47":4,"48":1,"49":2},"b":{"0":[0,0],"1":[0,0],"2":[0,0],"3":[0,0],"4":[0,0],"5":[7,3],"6":[3,4],"7":[7,4],"8":[3],"9":[2,1],"10":[6,2],"11":[4,0]},"meta":{"lastBranch":12,"lastFunction":50,"lastStatement":90,"seen":{"s:142:13:308:Infinity":0,"f:142:50:142:51":0,"s:142:65:308:2":1,"f:160:14:160:15":1,"s:160:27:160:Infinity":2,"f:162:20:162:21":2,"s:163:4:169:Infinity":3,"f:163:8:163:9":3,"s:164:21:164:Infinity":4,"s:165:6:167:Infinity":5,"f:165:19:165:20":4,"s:166:8:166:Infinity":6,"s:168:6:168:Infinity":7,"f:172:15:172:16":5,"s:172:29:172:Infinity":8,"f:174:12:174:13":6,"s:175:4:177:Infinity":9,"f:175:8:175:9":7,"s:175:20:177:6":10,"f:176:45:176:46":8,"s:176:52:176:69":11,"f:180:21:180:22":9,"s:180:29:180:Infinity":12,"f:182:18:182:19":10,"s:183:4:187:Infinity":13,"f:183:8:183:9":11,"s:184:21:184:Infinity":14,"s:185:6:185:Infinity":15,"s:186:6:186:Infinity":16,"f:190:16:190:17":12,"s:190:31:190:Infinity":17,"f:192:17:192:18":13,"s:192:25:192:Infinity":18,"f:192:44:192:45":14,"s:192:51:192:62":19,"f:194:17:194:18":15,"s:194:25:194:Infinity":20,"f:196:23:196:24":16,"s:197:18:197:Infinity":21,"b:198:4:198:Infinity:undefined:undefined:undefined:undefined":0,"s:198:4:198:Infinity":22,"s:198:21:198:Infinity":23,"b:199:4:199:Infinity:undefined:undefined:undefined:undefined":1,"s:199:4:199:Infinity":24,"s:199:22:199:Infinity":25,"s:200:4:200:Infinity":26,"f:203:12:203:13":17,"s:204:4:204:Infinity":27,"f:204:29:204:30":18,"s:204:36:204:73":28,"b:204:36:204:63:204:63:204:73":2,"f:207:26:207:27":19,"s:208:20:208:Infinity":29,"f:208:41:208:42":20,"s:208:48:208:63":30,"b:209:4:209:Infinity:undefined:undefined:undefined:undefined":3,"s:209:4:209:Infinity":31,"s:209:30:209:Infinity":32,"s:210:4:214:Infinity":33,"f:210:26:210:27":21,"s:211:19:211:Infinity":34,"s:212:26:212:Infinity":35,"s:213:6:213:Infinity":36,"b:213:34:213:38:213:38:213:Infinity":4,"f:217:20:217:21":22,"s:218:4:222:Infinity":37,"f:218:8:218:9":23,"s:219:21:219:Infinity":38,"s:220:6:220:Infinity":39,"s:221:6:221:Infinity":40,"f:225:25:225:26":24,"s:226:4:237:Infinity":41,"f:226:8:226:9":25,"s:227:21:227:Infinity":42,"b:228:6:235:Infinity:233:13:235:Infinity":5,"s:228:6:235:Infinity":43,"s:229:8:229:Infinity":44,"b:230:8:232:Infinity:undefined:undefined:undefined:undefined":6,"s:230:8:232:Infinity":45,"b:230:12:230:30:230:30:230:47":7,"s:231:10:231:Infinity":46,"s:234:8:234:Infinity":47,"s:236:6:236:Infinity":48,"f:240:24:240:25":26,"s:241:4:245:Infinity":49,"f:241:8:241:9":27,"s:242:21:242:Infinity":50,"s:243:6:243:Infinity":51,"s:244:6:244:Infinity":52,"f:248:29:248:30":28,"s:249:4:255:Infinity":53,"f:249:8:249:9":29,"s:250:21:250:Infinity":54,"s:251:6:253:Infinity":55,"f:251:23:251:24":30,"s:252:8:252:Infinity":56,"s:254:6:254:Infinity":57,"f:258:16:258:17":31,"s:258:31:258:Infinity":58,"f:260:23:260:24":32,"s:260:39:260:Infinity":59,"f:262:24:262:25":33,"s:263:4:263:Infinity":60,"f:263:32:263:33":34,"s:263:39:263:66":61,"f:266:15:266:16":35,"s:266:28:266:Infinity":62,"f:268:23:268:24":36,"s:268:37:268:Infinity":63,"f:270:17:270:18":37,"s:270:40:270:Infinity":64,"b:270:27:270:40":8,"f:272:18:272:24":38,"s:273:18:273:Infinity":65,"s:274:31:274:Infinity":66,"b:275:4:277:Infinity:undefined:undefined:undefined:undefined":9,"s:275:4:277:Infinity":67,"s:276:6:276:Infinity":68,"f:280:19:280:25":39,"s:281:18:281:Infinity":69,"s:282:29:282:Infinity":70,"f:282:52:282:53":40,"s:282:59:282:70":71,"s:283:25:283:Infinity":72,"f:283:52:283:53":41,"s:283:59:283:92":73,"s:284:10:284:Infinity":74,"s:285:4:285:Infinity":75,"b:285:11:285:46:285:46:285:Infinity":10,"f:288:29:288:35":42,"s:289:4:291:Infinity":76,"f:290:14:290:15":43,"s:290:21:290:31":77,"f:291:11:291:12":44,"s:291:18:291:30":78,"f:294:29:294:30":45,"s:295:18:295:Infinity":79,"s:296:28:296:Infinity":80,"f:296:49:296:50":46,"s:296:56:296:83":81,"s:297:44:297:Infinity":82,"s:298:4:301:Infinity":83,"f:298:28:298:29":47,"s:299:19:299:Infinity":84,"b:300:6:300:Infinity:undefined:undefined:undefined:undefined":11,"s:300:6:300:Infinity":85,"s:300:16:300:Infinity":86,"s:302:4:302:Infinity":87,"f:305:19:305:20":48,"s:306:4:306:Infinity":88,"f:306:62:306:63":49,"s:306:69:306:80":89}}}
}
